<?xml version="1.0" encoding="UTF-8"?>
<testsuite name="com.sainsbury.scraper.SainsburysScrapeServiceImplTest" tests="7" skipped="0" failures="0" errors="0" timestamp="2020-03-10T10:44:03" hostname="DESKTOP-SIKOEQ1" time="4.56">
  <properties/>
  <testcase name="givenInvalidXPath_whenBuildingProductsFromProductPage_thenReturnEmptyList()" classname="com.sainsbury.scraper.SainsburysScrapeServiceImplTest" time="0.004"/>
  <testcase name="givenNullXPath_whenBuildingProductsFromProductPage_thenReturnEmptyList()" classname="com.sainsbury.scraper.SainsburysScrapeServiceImplTest" time="0.069"/>
  <testcase name="givenNullHtmlPage_whenBuildingProductsFromProductPage_thenReturnEmptyList()" classname="com.sainsbury.scraper.SainsburysScrapeServiceImplTest" time="0.004"/>
  <testcase name="givenInvalidUrl_whenParsingHtml_thenReturnOptionalOfNonEmptyHtmlPage()" classname="com.sainsbury.scraper.SainsburysScrapeServiceImplTest" time="0.816"/>
  <testcase name="givenValidUrl_whenParsingHtml_thenReturnOptionalOfNonEmptyHtmlPage()" classname="com.sainsbury.scraper.SainsburysScrapeServiceImplTest" time="3.475"/>
  <testcase name="givenEmptyXPath_whenBuildingProductsFromProductPage_thenReturnEmptyList()" classname="com.sainsbury.scraper.SainsburysScrapeServiceImplTest" time="0.012"/>
  <testcase name="givenValidXPath_andValidHtmlPage_whenBuildingProductsFromProductPage_thenReturnProductList()" classname="com.sainsbury.scraper.SainsburysScrapeServiceImplTest" time="0.122"/>
  <system-out><![CDATA[10:44:04.356 [Test worker] DEBUG com.gargoylesoftware.htmlunit.WebClient - Get page for window named '', using WebRequest[<url="https://jsainsburyplc.github.io/serverside-test/site/www.sainsburys.co.uk/webapp/wcs/stores/servlet/gb/groceries/berries-cherries-currants6039.html", GET, EncodingType[name=application/x-www-form-urlencoded], [], {Accept=text/html,application/xhtml+xml,application/xml;q=0.9,image/webp,*/*;q=0.8, Accept-Encoding=gzip, deflate}, null>]
10:44:04.364 [Test worker] DEBUG com.gargoylesoftware.htmlunit.WebClient - Load response for GET https://jsainsburyplc.github.io/serverside-test/site/www.sainsburys.co.uk/webapp/wcs/stores/servlet/gb/groceries/berries-cherries-currants6039.html
10:44:04.726 [Test worker] DEBUG org.apache.http.client.protocol.RequestAddCookies - CookieSpec selected: mine
10:44:04.747 [Test worker] DEBUG org.apache.http.client.protocol.RequestAuthCache - Auth cache not set in the context
10:44:04.749 [Test worker] DEBUG org.apache.http.impl.conn.PoolingHttpClientConnectionManager - Connection request: [route: {s}->https://jsainsburyplc.github.io:443][total available: 0; route allocated: 0 of 6; total allocated: 0 of 20]
10:44:04.767 [Test worker] DEBUG org.apache.http.impl.conn.PoolingHttpClientConnectionManager - Connection leased: [id: 0][route: {s}->https://jsainsburyplc.github.io:443][total available: 0; route allocated: 1 of 6; total allocated: 1 of 20]
10:44:04.769 [Test worker] DEBUG org.apache.http.impl.execchain.MainClientExec - Opening connection {s}->https://jsainsburyplc.github.io:443
10:44:04.780 [Test worker] DEBUG org.apache.http.impl.conn.DefaultHttpClientConnectionOperator - Connecting to jsainsburyplc.github.io/185.199.109.153:443
10:44:04.781 [Test worker] DEBUG com.gargoylesoftware.htmlunit.httpclient.HtmlUnitSSLConnectionSocketFactory - Connecting socket to jsainsburyplc.github.io/185.199.109.153:443 with timeout 90000
10:44:04.867 [Test worker] DEBUG com.gargoylesoftware.htmlunit.httpclient.HtmlUnitSSLConnectionSocketFactory - Enabled protocols: [TLSv1.3, TLSv1.2, TLSv1.1, TLSv1]
10:44:04.867 [Test worker] DEBUG com.gargoylesoftware.htmlunit.httpclient.HtmlUnitSSLConnectionSocketFactory - Enabled cipher suites:[TLS_AES_256_GCM_SHA384, TLS_AES_128_GCM_SHA256, TLS_CHACHA20_POLY1305_SHA256, TLS_ECDHE_ECDSA_WITH_AES_256_GCM_SHA384, TLS_ECDHE_ECDSA_WITH_AES_128_GCM_SHA256, TLS_ECDHE_ECDSA_WITH_CHACHA20_POLY1305_SHA256, TLS_ECDHE_RSA_WITH_AES_256_GCM_SHA384, TLS_ECDHE_RSA_WITH_CHACHA20_POLY1305_SHA256, TLS_ECDHE_RSA_WITH_AES_128_GCM_SHA256, TLS_DHE_RSA_WITH_AES_256_GCM_SHA384, TLS_DHE_RSA_WITH_CHACHA20_POLY1305_SHA256, TLS_DHE_DSS_WITH_AES_256_GCM_SHA384, TLS_DHE_RSA_WITH_AES_128_GCM_SHA256, TLS_DHE_DSS_WITH_AES_128_GCM_SHA256, TLS_ECDHE_ECDSA_WITH_AES_256_CBC_SHA384, TLS_ECDHE_RSA_WITH_AES_256_CBC_SHA384, TLS_ECDHE_ECDSA_WITH_AES_128_CBC_SHA256, TLS_ECDHE_RSA_WITH_AES_128_CBC_SHA256, TLS_DHE_RSA_WITH_AES_256_CBC_SHA256, TLS_DHE_DSS_WITH_AES_256_CBC_SHA256, TLS_DHE_RSA_WITH_AES_128_CBC_SHA256, TLS_DHE_DSS_WITH_AES_128_CBC_SHA256, TLS_ECDH_ECDSA_WITH_AES_256_GCM_SHA384, TLS_ECDH_RSA_WITH_AES_256_GCM_SHA384, TLS_ECDH_ECDSA_WITH_AES_128_GCM_SHA256, TLS_ECDH_RSA_WITH_AES_128_GCM_SHA256, TLS_ECDH_ECDSA_WITH_AES_256_CBC_SHA384, TLS_ECDH_RSA_WITH_AES_256_CBC_SHA384, TLS_ECDH_ECDSA_WITH_AES_128_CBC_SHA256, TLS_ECDH_RSA_WITH_AES_128_CBC_SHA256, TLS_ECDHE_ECDSA_WITH_AES_256_CBC_SHA, TLS_ECDHE_RSA_WITH_AES_256_CBC_SHA, TLS_ECDHE_ECDSA_WITH_AES_128_CBC_SHA, TLS_ECDHE_RSA_WITH_AES_128_CBC_SHA, TLS_DHE_RSA_WITH_AES_256_CBC_SHA, TLS_DHE_DSS_WITH_AES_256_CBC_SHA, TLS_DHE_RSA_WITH_AES_128_CBC_SHA, TLS_DHE_DSS_WITH_AES_128_CBC_SHA, TLS_ECDH_ECDSA_WITH_AES_256_CBC_SHA, TLS_ECDH_RSA_WITH_AES_256_CBC_SHA, TLS_ECDH_ECDSA_WITH_AES_128_CBC_SHA, TLS_ECDH_RSA_WITH_AES_128_CBC_SHA, TLS_RSA_WITH_AES_256_GCM_SHA384, TLS_RSA_WITH_AES_128_GCM_SHA256, TLS_RSA_WITH_AES_256_CBC_SHA256, TLS_RSA_WITH_AES_128_CBC_SHA256, TLS_RSA_WITH_AES_256_CBC_SHA, TLS_RSA_WITH_AES_128_CBC_SHA, TLS_EMPTY_RENEGOTIATION_INFO_SCSV]
10:44:04.868 [Test worker] DEBUG com.gargoylesoftware.htmlunit.httpclient.HtmlUnitSSLConnectionSocketFactory - Starting handshake
10:44:05.145 [Test worker] DEBUG com.gargoylesoftware.htmlunit.httpclient.HtmlUnitSSLConnectionSocketFactory - Secure session established
10:44:05.145 [Test worker] DEBUG com.gargoylesoftware.htmlunit.httpclient.HtmlUnitSSLConnectionSocketFactory -  negotiated protocol: TLSv1.2
10:44:05.146 [Test worker] DEBUG com.gargoylesoftware.htmlunit.httpclient.HtmlUnitSSLConnectionSocketFactory -  negotiated cipher suite: TLS_ECDHE_RSA_WITH_AES_128_GCM_SHA256
10:44:05.146 [Test worker] DEBUG com.gargoylesoftware.htmlunit.httpclient.HtmlUnitSSLConnectionSocketFactory -  peer principal: CN=www.github.com, O="GitHub, Inc.", L=San Francisco, ST=California, C=US
10:44:05.146 [Test worker] DEBUG com.gargoylesoftware.htmlunit.httpclient.HtmlUnitSSLConnectionSocketFactory -  peer alternative names: [www.github.com, *.github.io, *.githubusercontent.com, *.github.com, github.com, github.io, githubusercontent.com]
10:44:05.146 [Test worker] DEBUG com.gargoylesoftware.htmlunit.httpclient.HtmlUnitSSLConnectionSocketFactory -  issuer principal: CN=DigiCert SHA2 High Assurance Server CA, OU=www.digicert.com, O=DigiCert Inc, C=US
10:44:05.154 [Test worker] DEBUG org.apache.http.impl.conn.DefaultHttpClientConnectionOperator - Connection established 192.168.1.69:59149<->185.199.109.153:443
10:44:05.155 [Test worker] DEBUG org.apache.http.impl.conn.DefaultManagedHttpClientConnection - http-outgoing-0: set socket timeout to 90000
10:44:05.155 [Test worker] DEBUG org.apache.http.impl.execchain.MainClientExec - Executing request GET /serverside-test/site/www.sainsburys.co.uk/webapp/wcs/stores/servlet/gb/groceries/berries-cherries-currants6039.html HTTP/1.1
10:44:05.155 [Test worker] DEBUG org.apache.http.impl.execchain.MainClientExec - Target auth state: UNCHALLENGED
10:44:05.156 [Test worker] DEBUG org.apache.http.impl.execchain.MainClientExec - Proxy auth state: UNCHALLENGED
10:44:05.158 [Test worker] DEBUG org.apache.http.headers - http-outgoing-0 >> GET /serverside-test/site/www.sainsburys.co.uk/webapp/wcs/stores/servlet/gb/groceries/berries-cherries-currants6039.html HTTP/1.1
10:44:05.159 [Test worker] DEBUG org.apache.http.headers - http-outgoing-0 >> Host: jsainsburyplc.github.io
10:44:05.159 [Test worker] DEBUG org.apache.http.headers - http-outgoing-0 >> Connection: Keep-Alive
10:44:05.159 [Test worker] DEBUG org.apache.http.headers - http-outgoing-0 >> Accept: text/html,application/xhtml+xml,application/xml;q=0.9,image/webp,*/*;q=0.8
10:44:05.159 [Test worker] DEBUG org.apache.http.headers - http-outgoing-0 >> User-Agent: Mozilla/5.0 (Windows NT 6.1) AppleWebKit/537.36 (KHTML, like Gecko) Chrome/46.0.2490.80 Safari/537.36
10:44:05.159 [Test worker] DEBUG org.apache.http.headers - http-outgoing-0 >> Accept-Encoding: gzip, deflate
10:44:05.159 [Test worker] DEBUG org.apache.http.headers - http-outgoing-0 >> Accept-Language: en-US
10:44:05.160 [Test worker] DEBUG org.apache.http.wire - http-outgoing-0 >> "GET /serverside-test/site/www.sainsburys.co.uk/webapp/wcs/stores/servlet/gb/groceries/berries-cherries-currants6039.html HTTP/1.1[\r][\n]"
10:44:05.160 [Test worker] DEBUG org.apache.http.wire - http-outgoing-0 >> "Host: jsainsburyplc.github.io[\r][\n]"
10:44:05.160 [Test worker] DEBUG org.apache.http.wire - http-outgoing-0 >> "Connection: Keep-Alive[\r][\n]"
10:44:05.160 [Test worker] DEBUG org.apache.http.wire - http-outgoing-0 >> "Accept: text/html,application/xhtml+xml,application/xml;q=0.9,image/webp,*/*;q=0.8[\r][\n]"
10:44:05.160 [Test worker] DEBUG org.apache.http.wire - http-outgoing-0 >> "User-Agent: Mozilla/5.0 (Windows NT 6.1) AppleWebKit/537.36 (KHTML, like Gecko) Chrome/46.0.2490.80 Safari/537.36[\r][\n]"
10:44:05.160 [Test worker] DEBUG org.apache.http.wire - http-outgoing-0 >> "Accept-Encoding: gzip, deflate[\r][\n]"
10:44:05.160 [Test worker] DEBUG org.apache.http.wire - http-outgoing-0 >> "Accept-Language: en-US[\r][\n]"
10:44:05.160 [Test worker] DEBUG org.apache.http.wire - http-outgoing-0 >> "[\r][\n]"
10:44:05.329 [Test worker] DEBUG org.apache.http.wire - http-outgoing-0 << "HTTP/1.1 200 OK[\r][\n]"
10:44:05.330 [Test worker] DEBUG org.apache.http.wire - http-outgoing-0 << "Content-Type: text/html; charset=utf-8[\r][\n]"
10:44:05.331 [Test worker] DEBUG org.apache.http.wire - http-outgoing-0 << "Server: GitHub.com[\r][\n]"
10:44:05.331 [Test worker] DEBUG org.apache.http.wire - http-outgoing-0 << "Last-Modified: Tue, 05 Mar 2019 12:38:29 GMT[\r][\n]"
10:44:05.332 [Test worker] DEBUG org.apache.http.wire - http-outgoing-0 << "ETag: W/"5c7e6dc5-2c77a"[\r][\n]"
10:44:05.332 [Test worker] DEBUG org.apache.http.wire - http-outgoing-0 << "Access-Control-Allow-Origin: *[\r][\n]"
10:44:05.333 [Test worker] DEBUG org.apache.http.wire - http-outgoing-0 << "Expires: Tue, 10 Mar 2020 10:54:06 GMT[\r][\n]"
10:44:05.333 [Test worker] DEBUG org.apache.http.wire - http-outgoing-0 << "Cache-Control: max-age=600[\r][\n]"
10:44:05.333 [Test worker] DEBUG org.apache.http.wire - http-outgoing-0 << "Content-Encoding: gzip[\r][\n]"
10:44:05.334 [Test worker] DEBUG org.apache.http.wire - http-outgoing-0 << "X-Proxy-Cache: MISS[\r][\n]"
10:44:05.334 [Test worker] DEBUG org.apache.http.wire - http-outgoing-0 << "X-GitHub-Request-Id: E288:7B44:507459:665619:5E676F75[\r][\n]"
10:44:05.335 [Test worker] DEBUG org.apache.http.wire - http-outgoing-0 << "Content-Length: 18065[\r][\n]"
10:44:05.335 [Test worker] DEBUG org.apache.http.wire - http-outgoing-0 << "Accept-Ranges: bytes[\r][\n]"
10:44:05.335 [Test worker] DEBUG org.apache.http.wire - http-outgoing-0 << "Date: Tue, 10 Mar 2020 10:44:06 GMT[\r][\n]"
10:44:05.336 [Test worker] DEBUG org.apache.http.wire - http-outgoing-0 << "Via: 1.1 varnish[\r][\n]"
10:44:05.336 [Test worker] DEBUG org.apache.http.wire - http-outgoing-0 << "Age: 0[\r][\n]"
10:44:05.336 [Test worker] DEBUG org.apache.http.wire - http-outgoing-0 << "Connection: keep-alive[\r][\n]"
10:44:05.337 [Test worker] DEBUG org.apache.http.wire - http-outgoing-0 << "X-Served-By: cache-vie21651-VIE[\r][\n]"
10:44:05.338 [Test worker] DEBUG org.apache.http.wire - http-outgoing-0 << "X-Cache: MISS[\r][\n]"
10:44:05.338 [Test worker] DEBUG org.apache.http.wire - http-outgoing-0 << "X-Cache-Hits: 0[\r][\n]"
10:44:05.339 [Test worker] DEBUG org.apache.http.wire - http-outgoing-0 << "X-Timer: S1583837046.476285,VS0,VE110[\r][\n]"
10:44:05.339 [Test worker] DEBUG org.apache.http.wire - http-outgoing-0 << "Vary: Accept-Encoding[\r][\n]"
10:44:05.339 [Test worker] DEBUG org.apache.http.wire - http-outgoing-0 << "X-Fastly-Request-ID: 7eac397701a71eb643acd4211cdab1d30cdc3568[\r][\n]"
10:44:05.340 [Test worker] DEBUG org.apache.http.wire - http-outgoing-0 << "[\r][\n]"
10:44:05.341 [Test worker] DEBUG org.apache.http.wire - http-outgoing-0 << "[0x1f][0x8b][0x8][0x0][0x0][0x0][0x0][0x0][0x0][0x3][0xed]}{s[0xdb][0xb6][0x12][0xef][0xdf][0xe9]L[0xbe][0x3][0xaa]N^[0xe7]X[0xd6][~$v[0xc7][0xcf][0xc4][0x89][0x1d][0xe7][0xd8]J[0xda][0xa6][0xd3][0xf1]P"$1[0xa6]H[0x95][0xa4]l[0xab][0xbd][0xf9]4[0xf7][0x9b][0xdc]Ovw[0xf1] A[0x8a]/[0xd9]r[0xe4][0xb4][0xc4][0xe9]qD[0x12]X,[0x16][0xc0]b[0xf1][0xdb]%[0xf8][0xea][0xc7][0xfd][0xd3][0xbd][0xce]o[0x1f][0xe][0xc8][0xd0][0x1b][0x99][0xdb][0x8f]]]>&#x7f;<![CDATA[x[0x85][0xff][0x92][0x9e][0xa9][0xb9][0xee]V[0xc9][0xb2][0xdf][0xba]%r32-w[0xf3]Z3[0x1c][0xdb][0xa4][[0xa5][0xa1][0xe7][0x8d]7+[0x95][0xeb][0xeb][0xeb][0xd5][0xeb][0xc6][0xaa][0xed][0xc]*[0xf5]j[0xb5]U[0xa9][0xd6]*[0x90][0xa5][0xec][0xe8][0xfd][0xca][0xeb][0x8f]Gg[0x90][0xb5][0xa3][0xdd][0xd8][0x96]=[0x9a][0xfe][0xa4][0x90]p=[0xcd]K[0xa1][0xb1]V[0xd1]4[0xad]DL[0xcd][0x1a]l[0x95][0xa8][0xc5][\n]"
10:44:05.342 [Test worker] DEBUG org.apache.http.wire - http-outgoing-0 << "n[0xfa]W[0xc8][0xde][0x8f][0xe5]2[0xd9]=x}[0xf4][0x9e][0xec][0x1][0xa5][0x81][0xed][0x18][0xd4][0xdd]7[0xdc][0xb1][0xa9]MW[0xbf][0xb8]cR.C.[0x91][0xef][0xc4]p[0x1c][0xdb][0xa1]:[0xe9];[0xf6][0x88]`e[0xae]fXnw[0xe2]L[0xdd][0xd5][0x9e][0xbd]:[0xb9][0xac]\[0xd3][0xae]6[0x1e]W[0xae]{n[0xc5][0xf5] /[0xfc]C[0x9d]+[0x93]z[0x95]A[0xb7]2p[0xec][0x1e][0xc5][\n]"
10:44:05.343 [Test worker] DEBUG org.apache.http.wire - http-outgoing-0 << "*][0xea][0xe0][0xbf][0xe5][0xde]P[0xfe][0x98]8[0x8e]fy[0xee][0xcf][0xc8][0xdc][0x91][0xbe][0xd5]l>e[0xe5][0xe1]g[0xad]Zk[0xd5][0x9e]^:[0xd3][0xb1]go[0xed][0x1b][0xf4][0xe6][0xdd][0xc9][0xa7][0xf6][0xa7][0xf7]}[0xcf][0x1b]m[0xb4][0xbb][0x86][0xbe][0xf7][0xf6][0x97][0x8d]O[0xd7][0x9f][0xc6][0xd3][0xc9][0xaf][0xc6][0xd5][0xe0]][0xeb]L[0x1b][0x1f]8O[0xea][0x87]5[0xef][0xf4][0xb7][0xd1][0xb0]y[0xba]wY[0xab][0xee]|z[0xd7][0xda][0xd3]v[0x1b][0xbf][0x19][0xed][0xc3][0xc3][0xfd][0xcf][0x8d][0xff][0xbd][0xbb]^?[0xae]:[\r]g[0xa7]3i]]>&#x7f;<![CDATA[[0xec][0xd9][0xff][0xdb][0xfd][0xad][0xfd]y[0xbf][0xfb][0xa4][0xbe];}[\r]]]>&#x7f;<![CDATA[>[0xd3][0xb3][0xb7][0xce][0x97]w[0xae][0x7][0xbf][0x9b][0x83][0xeb][0xa6][0xbd]g[0xc2][0xaf][0xde]_[0x8d][0xdd][0xa9]V[0xbf]:[0xd1][0xac][0xbf]>[0xf7][0x9a][0xcd][0xd7]o[0xda]M[0xfa][0xe7][0x6][0x9d][0xbc][0xee][0xf7][0xfb][0xd6][0xa1]6[0xb4][0xaf]<z[0xb4]]]>&#x7f;<![CDATA[[0xa8][\r][0xac]Q[0xbf][0xd9][0xb0]~[0xfd]t[0xd3][0x1e][0xfd]y[0xf9][0xf1][0xe3][0x93][0xc6][0xfe]S][0xbf][0xa4][0xd3]-[0xec][0xa7]'[0x8d][0x9d][0x1][0xd4]t[0xe8]K[0x3]~'[0xca][0x83]t[0xa7][0xe4]M[0xa7][0xe3]h[0xbd]K[0xf2][0xb][0xed][0xba][0x86]G[0xc9][0x9e]=6[0xa8]Si[0xac][0xde][0x90][0xdf]]]>&#x7f;<![CDATA[={[0xba]w[0xfa][0xac]^[0xad]5[0xff]X![0x9d][0x9]]![0xd5]u[0xb2]3[0x19][0x10][0xb8][0xb5][0x6][0xbf]7[0x1b][0xad][0xcd]z[0x8d][0xbc]>[0xe9][0xf0][0x9e]d[0xfd][0xb8][0xa3][0xeb][0xd0][0x89][\n]"
10:44:05.346 [Test worker] DEBUG org.apache.http.wire - http-outgoing-0 << "ex[0xf4]jD=[0x8d] ]]>&#x7f;<![CDATA[e[0xfa][0xe7][0xc4][0xb8][0xda]*[0xf5]l[0xcb][0xa3][0x96]W[0xf6][0xa6]cZ"[0xe2]j[0xab][0xe4][0xd1][0x1b][0xaf][0x82][0x83][0xfa]eo[0xa8]9.[0xf5][0xb6]>v[0xe][0xcb][0xeb]%R[0xd9]f[0xc4]+q[0xd4]q[0x1e]PM[0x87]]]>&#x7f;<![CDATA[[0x9][0xa4]W[0x9e][0xe1][0x99]t{[0x97][0xb7]u[0x85][0xc8]V[0x93][0xa7][0xda]h[0xfc][0x92][0xf8]m[0xff]?[0xe4]\[0x8e][0xaf][0xa7]?U[0x1b][0x1b]/[0xdd]W[0x15]^T[0xd0]a<[[0xda][0x8]f[0x80]N[0xdd][0x9e]c[0x8c]=[0xc3][0xb6][0x14]fw'S[0x92]Y[0x8d]m[0x99][0x86]E[0xf9][0xa0][0x8e]V[0xb8]B[0xbc]!%.TA[0x6][0xe][0xd5]<[0xf2][0xe7]D3[\r]o[0xba][0x2][0xd9][0xa9];[0xb4][0xa8][0xeb][0x12][0xcd][0xd2][0x81][0xb6]m[0xf4]([0x99][0xda][0x13]^[0x10][0xe6][0x88][0x1][0xb7][\r][0x8b][0xb0]a[0xbc]J[0xf6][0x86][0xb6][0xed][0x8a]JjdhO[0x1c][0xa2]S[0xd3][0xb8][0xa2][0xce][0x94][0xb8][0xa6][0xed][0x9]2[0xb6]i[0xd2][0x9e]G[0xde][0xc3][0x1f][0xcd]!c[0xdb][0x0][0x6]WK[0x95][0x98][0x6][0xc3]p[0xba][0xb6][0x1d]]il[0x90][\r][0xda]sI[0x1c]jB'j[0x96]m[0x19]=[0xcd],[0x91][0xa1]C[0xfb][[0xa5][0xd5][0xd5]J[0xe4]?wh[0x8f]s[0xce][0xce][0xe4]'[0xab]8"p[0xc][0x8][0xe][0x14][0xb5]b[0x8f]F[0xb6][0xb5]w~[0xde][0xb1][0x8f][0xac][0x9e]9[0xd1])[0xea][0x95]>[0x1b]s[0x90][0xeb]w[0xa3]O[0x8e][0xe][0xc8][0xfa][0x1f]![0xde]q[0xcc][0x89][0xa1][0xd6]s][0xc9][0xbb][0xd0]r[0xbd]Z[0x8c][0xde][0x81]l([0xe8][0xb5][0xd5]zc[0xb5][0xb6][0xda][0xaa]W[0xfc][0x9e]t[0xcf][0xf1][0x1][0x8][0xde][0xf2]v\[0x18][0xaf][0xec][0x12][0xc9]VF[0x90][0xa5]l[0xd0][0xf5][0xd5][0x91]a[0xad][0xb2]z[0x98][0xcc]\ojB[0xdf]R[0xea][0x95][0xc8][0x88][0xea][0x86][0xb6]U[0xd2]L[0xd1][0xb8]G[0xaf]~[0xfc][0x9d]Z[0xba][0xd1][0xff]C(F[0xd9]Zl[0xc7][0x8f][0xbc]!x[0xc9][[0x93][0xdd][0xa4][0xd9][0xee][0x80][0xff][0x16][0xda][0xc0]9[0x1a]'[0xdb][0x12]n[0xa3]h[0x5][0xb6]})[\r][0xb9][0xee]ix[0xe1]*[0x3][0x14][0xdb]F[0xdd][0xb1][0xed][0xe5]l[0xd8][0x92]8G6[0xc7][0xe]L[0xe1]t6Y[0x16][0x98][0xbc][0x8f][0x84]z>x[0xbf][0x9f]5kBs[0xeb]mL& [0xa5][0xe8][\n]"
10:44:05.348 [Test worker] DEBUG org.apache.http.wire - http-outgoing-0 << "[0xcc]G[0x9d][0x1e]=[0xa7][0x9a][0xd3][0x1b]**C[0xac][0xb1][0x17]l[0x8d][0xe5][0xb2][0xe2][0xff]{[0xc5][0xb5][0xa9]*[0xb2]/[0xda][0x95][0xc6][0xef][0x96][0xb6][0xe5][0xd0][0xbe][0x2]%u![0xf5][0xd8]9[0xa8][0xb1]#[0xab]o[0x93]-[0xf2]7IL[0xbc][0xa0]L[0xf4]fl8[0xd3]}0=:[0xc6][0x88]n[0x92]g[0xcf]V[0xc2][0x19]P[0xc1][0x0][0xab]J[0xe]X[0xdd]&[0xae][0x7]k[0xdb][\n]"
10:44:05.349 [Test worker] DEBUG org.apache.http.wire - http-outgoing-0 << "_[0xe3]6p[0x8d][0xab][0xb5][0xa3][0x5][0xb5]/[0xda][0xcd][0x9e]=[0x81][0xa2][0xf6][0xb5][0xf5][0xd1]1[0xa1]$[0xbb][0xd4][0xe1]R[0x18]8[0x9f][0xc]z[0xad][0x18][0x1c][0xb8]*[0x84][0x8c][0x8e]8[0x92][0x7][0xc8]0[0xd5]9[0xc1]}[0xa5][0xe5][0xe2]AN[0xd2][0xec][0x8e]h[0xdb][0x7]m@[0x81][0x9e]0[0xe][0xb4]'[0xf5]>[0xfc][0x17]g][0xe1]mf_[0xe1][0x8f][0x1e][0xd8][\r]}nc[0xe1][0xf]ne[0xc1]/a[0xc6]M[0x5]#O[0x1a][0xfd][0x91];x[0xd2][0xd0][0x9f][0xd4][0xdb][0x9c][0x1f][0xf8][0xdd]l[0xc2][0x95][0xe0][0x7].[0x19]Gp[0x87][0xdb]Xp#[0xbf][0x95][0xd5][0xba][0xa5][0x9d][0xd5][0xe2][0x96]V+dk[0xb5][0x14]k[0xab]u[0x17]{[0xab][0xde]j[0xec]C{[0x98][0xcd][0x5][0xcd]a[0x82][0x85]{[0xcc][0xee]j[0x85],[0xaf]V[0x8a][0xed][0xc5][0xfa]h[0xe7][0xed][0xce][0xaf]{[0xa0]H[0xb6]<gB[0x9f][0x5][0xe3][0xe1][0xab]2[0x1]`[0x8e]Y[0xfa][0xa9][0xa3]S[0xe7][0xe1]M[0x81][0x1d][0x9f]76@[0xa7]|[0xe0][0xee][0xc0][0x13]v[0x93]=[0xf6][0x87]o1l[0xff][0x1][0xc3]V[0x1d][0xa4][0xf8]G[0x19][0xa8]=[0xb6]^`[0xc7][0xc9]A[0x1a][0xe4][0x15][0xbd][0xca][0xc7][0x87][0xb2][0x9f][0x9c]c[0x8b][0x17][0xe9][0xc3][0x9f][0xa1][0x7][0xb7][0xd8][0x88][0xc9][0x1a]Q[0xdf][0xfb][0xe6][0xe][0xdb]p[0xcb][\r][0x9e]:g[0x85]`@[0xfe]3[0xcb][0xf][0x97] <i6E[0xff][0x82][0x2]zU[0xe1][0xeb][0xb1]o[0x88]b[0xca]X[0xb9][0xc1][0x18][0xf2][0x87][0x83]3t[0xf7][0x86][0xb4]w[0xf9][0xc1]v[0xbd]=[[0xa7]g[0x13]0M[0xa8][0x97][0xa5][0xbc][0x1e][0x5][0x17]cQr[0x13]G[0x92]r[0x9f]'[0xc3]=[0x18][0x8d][0xbd]i[0xfc]C[0x9e][0xc6][0x9a][0xa3][0x8d]6[0x9]*[0xd7][0x95][0xc4]L[0xd8][0x8]h[0xfa][0xb9][0xed]8[0xb0][0xf1][0xba][0xa6]`[0xbf]LL[0xdd]z[0xfa][0x13]l[0xb4]<0[0xab]z[0xf6][0xc0]2`s[0xe5][\r]a[0x83][0x86],[0xf5][0x80][0xa5]U[0xf2][0xc1][0xa4][0x1a][0xde][0x85][0x1d][0x96]6@K[0xf8]Yr[0x15]0T?[0x98]Z[0x8f][0x82]:[0x84][0xaa]J?[0xf5]T[0xb9]|[0xd0],j[0x92][0x9f][0xce][0x86][0xee]E[0xe8]>Y[0xed][0x1b][0xd4][0xd4]K[0xc9]d[0xa9]IG[0x1d][0x1b]v[0xc4][0x7][0x88][0x9c][0xec]![\n]"
10:44:05.351 [Test worker] DEBUG org.apache.http.wire - http-outgoing-0 << "[0xd4][0xb1][0xe7][0xa6][0x1f]C[0xfe]k\[0x9d]`[0xe9][0x1f]Sk[0xe0][\r]sH[0xbc][0x95]W[0xdc][0xde][0xd0]p[0x9]H[0x5][0xa4]8[0xc2]E[0xa7]K[0xe1]?[0xef][0x9a]R[0x8b][0xb4][0x88]g[0x93]u[0x82]8[0x80][0xd6][0xf3][0xa8][0xe3][0x12][0xd3][0xb6][0x6][0xff]x1[0x1b][0xee][0x7]1[0xc6]r[0xc8][0xb9][0x18][0xd9][0xf3][0x8a]<tO^[0xc9]]]>&#x7f;<![CDATA[[0x15][0x95][0x87][0x97][0x99][0x1b][0x15][0xa9][0x17]Q[0xdf]a[0x96][0x1d][0x84][0xa1]:[0x8e]1[0x18]P[0x7][0xf4]\[0xfd]eD[0x8b][0xa6][0x93]#[0xba][0xe6]ie[0xdd][0xfe]b[0x97]a[0xb][0xd5]7[0x6][%[0xc3][0xdd][0xa7][0xdd][0xc9]`[0x93][0xf4]5[0xd3][0xa5]+d[0xe2]R[0xb6][0xdb][0x82][\r][0x96][0xfe][0xd6][0xb5]-1[0x2]L[0xbb][0xa7][0x99]h[0xba]Q[0xab]<[0xe8]>[[0xc1][0xe1][0xe1][0xd2]S[0xeb][0xd8][0xd6]t[0x91][0x85] [0xdd]]P[0xf4][0x97]o[0xbc][0x91][0x89][0xeb][0xf0]3]]>&#x7f;<![CDATA[[0xcb][0x99][0xb5][0xd3][0xfc][0xe2]V[0xb0]4[0xec]J[0xd7]Vk[0x95].[0x12]a[0x88][0xcc][0xb3][0x12]q[0x9d][0xde]}[0xee]q[0xc3]5[0xe3]O~[0xfd][0xc5]-m[0x87]$[0x9b]%[0xdb][0xed][0xd2][0xc4][0xd2]i[0xdf][0xb0][0xa8]^[0xda][0xda][0xc2]<v[0x9f][0xe8][0xc6][0xc0][0xf0]4[0x13]L_[0xed][0xe9][0xd3][0xe7][0xca][0xd5][0xd6][0xdf][0xf4][\n]"
10:44:05.352 [Test worker] DEBUG org.apache.http.wire - http-outgoing-0 << "[0x7][0xf4][0xef]]]>&#x7f;<![CDATA[|}[0xb1][0xa2][0xdc]_e[0xb7]W[0xc7][0x13]w[0xb8][0xd5][0x9f]X=[0xc4][0x3][0x9f][0xbf][0xf8][0xbb]o;[0xcf][0xd9][0x10][0xd8][0xaa][0xae][0xd0]-[0xcd][0x19]L[0xb0][0x87][0xdc]U[0x93][0xa9][0xcb][0x97]t[0xdb]{[0xe9][0xfd][0xf7][0xbf]/P[0xd7][0xfd][0x8e]]]>&#x7f;<![CDATA[[0xc4][0x83]?[0x82][0xac][0xbf]{]]>&#x7f;<![CDATA[[0xbc]D[\n]"
10:44:05.354 [Test worker] DEBUG org.apache.http.wire - http-outgoing-0 << "[0x16]l[0x9a]/J[0xff][\r][0xee]W[0xff][0xe0]u[0xa2]E[0xc5]]]>&#x7f;<![CDATA[[0xbd][0x87][0xfd][0xc0]K[0xa3][0xff][0xfc][0xca]6tR[0xfd]q[0xcb]z[0xf1]7[0x96][0xd4][0xb6][0xac][0x89]i[0xbe][0x84]I[0xfb]7[0xfc][0xa4][0xd7][0xe4][0x0]3?[0xb7]V[0xfe][0xee]N[0xba]]Xy7]]>&#x7f;<![CDATA[[0xac][0xae][0xf4]4[0xab]GM[\r].7]]>&#x7f;<![CDATA[[0xac]}}[0xf1][0xb5][0xa7]y[0xbd][0xe1]s[0xe3][0x5][0x14][0xd1][0xed][0x1e][0xab]r[0xb5][0x87]@$[0xe5][0xa5]K[0xec][0x9f][0xd2][0x8b][0x15]m[0xd5][0xb0][0xc]O[0x92][0x4]J?[0xd6]^|[0xf5][0x8b]h0O[0xf1][0xd1][0xb1][0xe1][0xc2][0xc6][0x9f]:?'>[0x81][0xc2][0xbe]"
10:44:05.364 [Test worker] DEBUG org.apache.http.headers - http-outgoing-0 << HTTP/1.1 200 OK
10:44:05.364 [Test worker] DEBUG org.apache.http.headers - http-outgoing-0 << Content-Type: text/html; charset=utf-8
10:44:05.364 [Test worker] DEBUG org.apache.http.headers - http-outgoing-0 << Server: GitHub.com
10:44:05.364 [Test worker] DEBUG org.apache.http.headers - http-outgoing-0 << Last-Modified: Tue, 05 Mar 2019 12:38:29 GMT
10:44:05.365 [Test worker] DEBUG org.apache.http.headers - http-outgoing-0 << ETag: W/"5c7e6dc5-2c77a"
10:44:05.365 [Test worker] DEBUG org.apache.http.headers - http-outgoing-0 << Access-Control-Allow-Origin: *
10:44:05.365 [Test worker] DEBUG org.apache.http.headers - http-outgoing-0 << Expires: Tue, 10 Mar 2020 10:54:06 GMT
10:44:05.366 [Test worker] DEBUG org.apache.http.headers - http-outgoing-0 << Cache-Control: max-age=600
10:44:05.366 [Test worker] DEBUG org.apache.http.headers - http-outgoing-0 << Content-Encoding: gzip
10:44:05.366 [Test worker] DEBUG org.apache.http.headers - http-outgoing-0 << X-Proxy-Cache: MISS
10:44:05.367 [Test worker] DEBUG org.apache.http.headers - http-outgoing-0 << X-GitHub-Request-Id: E288:7B44:507459:665619:5E676F75
10:44:05.367 [Test worker] DEBUG org.apache.http.headers - http-outgoing-0 << Content-Length: 18065
10:44:05.367 [Test worker] DEBUG org.apache.http.headers - http-outgoing-0 << Accept-Ranges: bytes
10:44:05.367 [Test worker] DEBUG org.apache.http.headers - http-outgoing-0 << Date: Tue, 10 Mar 2020 10:44:06 GMT
10:44:05.367 [Test worker] DEBUG org.apache.http.headers - http-outgoing-0 << Via: 1.1 varnish
10:44:05.368 [Test worker] DEBUG org.apache.http.headers - http-outgoing-0 << Age: 0
10:44:05.368 [Test worker] DEBUG org.apache.http.headers - http-outgoing-0 << Connection: keep-alive
10:44:05.368 [Test worker] DEBUG org.apache.http.headers - http-outgoing-0 << X-Served-By: cache-vie21651-VIE
10:44:05.368 [Test worker] DEBUG org.apache.http.headers - http-outgoing-0 << X-Cache: MISS
10:44:05.368 [Test worker] DEBUG org.apache.http.headers - http-outgoing-0 << X-Cache-Hits: 0
10:44:05.368 [Test worker] DEBUG org.apache.http.headers - http-outgoing-0 << X-Timer: S1583837046.476285,VS0,VE110
10:44:05.368 [Test worker] DEBUG org.apache.http.headers - http-outgoing-0 << Vary: Accept-Encoding
10:44:05.369 [Test worker] DEBUG org.apache.http.headers - http-outgoing-0 << X-Fastly-Request-ID: 7eac397701a71eb643acd4211cdab1d30cdc3568
10:44:05.382 [Test worker] DEBUG org.apache.http.impl.execchain.MainClientExec - Connection can be kept alive indefinitely
10:44:05.397 [Test worker] DEBUG org.apache.http.wire - http-outgoing-0 << "[0xdc][0xbc][0x17]]]>&#x7f;<![CDATA[]]>&#x7f;<![CDATA[E:[0x9b]An[0xcf][0xd3]zCYK(#t[0x83][0xcc][0xa5][0x83][0xfd][0x87]|[0xf3]|[0xda][0x8b][0xaf][0xe][0xf5]&[0x8e]E[0x14][0xc9]~}[0xa9][0xc][0x8e][0x8c]Iw[0xff]#X!2[0xff][0xb8]u[0x10]/w[0xe8][0xf3][0xdf]Kl[0xf4][0xb3][0x89][0xed][0x94]VHI7[0xbe][0x18]^[0x5][0xc]a{[0xe2]Uvz=[0xdb][0xd1]AX{P;T[0x17][0x93]e[0x8f][0xa3]2[0xa8]3[0xd9]3[0xa0]vS[0xb9]6[0xf4][0x1][0x98][0xd6];[0x13][0xcf]>[0xb3]=[\r]8[0x9e]y[0xe6][0xf0][0xfb][0x95]CM[0xa7][0xa5]?^<[0x1c][0xc9][0xc6] w[0xbc]f[0x17][0xa4]4[0xa0][0x95][0xbe][0xf6]g[0x9c][0xbc][0x99][0x9e]g8[0x19]1[0xf4][0xad][0x12]X[0xc9][0xc6][0xde][0xdb][0xd2]6d%][[0x9f][0xfe][0xad][0xf3][0xed][0xc5][0xa6]e[[0x94][0xfc]h[0x8c][0xc6][0xb6][0xe3]A[0xa6][0x97]_[0x81][0xe][0x96][0x92]Hfz[0xb7][0x19]}[0xf2][0xdc][0xa5]f[0x9f]lmm[0x81][0x1d]3~A[0xf8],e[0xb5][0xc1][0xd2][0xe0][0x8f]f[0x10][0xf1][0x81][0xc9][0x96][0xcf][0xdd][0xe9][0x91][0xfe]\[0xf2][0xf3][0xe2]%[0xff][0xb1][\n]"
10:44:05.397 [Test worker] DEBUG org.apache.http.wire - http-outgoing-0 << "[0x1d][0x8e][0x93][0x1e][0x17]f[0x87][0x8e][0xec]+[0xba]74L[0xfd]9]]>&#x7f;<![CDATA[[0xfa][0xe2][0xe5]WX*a[0xad][0xfe][0x1b][0xaa]X[0xc5]U[0x0]'[0xc][0x90][0xc7][0xaa][0xfd]k[0xc6][0xba][0xdf]g[0xcc][0xd5][0xa6][0xdd]LG[0xb0][0xf2];D[0xb4][0xc2][0xf5]4[0xc7]Cd[0xef][0xf6]}[0x8a][0xdb]4[0xa3]GWG[0x92][0xf6][0xaa][0x5][0xa3][0xa7][0xa7][[0xca][0xf8][0xef][0xd9][0x1f][0xdf][0xe1][0x8c][0x18][0x8d]`[0xb8]R[0xd6];[0xc1][0x2][0x99][0xc0][0x1a][0xb5]t[0x1f][0x97][0xc][0xb0][0xcb][0x4]T[0xb2]"[0xfc]@[0xf0][0x13];[0x93][0xf5][0xb0];[0x4]a[0xe0][0xae][0xb4]$[0x1d][0xa5][0xc1][0x1d],[0xa3][0x1b]W,[0xdf]X[0xdc]`[0xbd][0x1b][0xa0][0xa0]l[0xb0][0xf1]J?z[0x86]ix0[0xd0][0xc2]h)r[0x95][0x9d][0xeb][\r]p[0x6][0xad]z[0xaf]]Af!m[0xa5][0x9a]c6K[0xfd][0xe9][0xdb][0x81][0xfe][0x8c][0x81]d9[0x11][0xc5][0x83]:[0x83][0xd9][0x82][0x2][0xa5][0xfa]L6[0xdf][0xd1]:1[0xb9]L.[0x8d][0xf1][0xb1]a][0xba]~[0x83]Mc[0xfb][0x95]&0[0xeb][0x9f][0x4][0x82][[0xda]>[0x87]|h[0x86]#[0xd4]/q[0xdd]W[0x15][\r][0xe6][0x14][0xe4][0x8f]+[0xe9][0xcf]EhgP[0xdc][0xbf]K,[0xed][0xca][0x18][0xf0]Q[\n]"
10:44:05.398 [Test worker] DEBUG org.apache.http.wire - http-outgoing-0 << "c~[0x12][0xa1][0x85]=819[0xa7][0xb2][[0x6][0xa6][0xdd][0xd5]L[0xde][0xa2]@[0xbb][0xc9][0xca]1[0x97][0xe8][0xd5]![0x17][0xb0][0x9a][0xbf]4C![0xb0][0xd9][0xc2][0x85]y[0x1e][0xc6]4[0x2][0xfa][0x8c][0x89]G[0x8][0xec][0xb3]]]>&#x7f;<![CDATA[[0x1f][0xf9][\r]L[0x83].J</[0xd7][0xe]c[0xcd][0x92][0xb4]G04[0x2]]v[0x4]bdJ[0x9]r([0xcc][0xc8]tp36!?[0xc1]B[0x4][0xcc][0xf2][0xf3]H-[0x84][0xf3][0x3]rc[0xc]V[0x4][0x87][0x89][0x9c][0xc2]P[0x1f][0xc7][0xb0][0xca][0xdd][0x5]0[0xbb][0xa9]cif[0x12][0xe7]Xx[0xf][0x8d]M'[0x83][0xeb]7[0x90][0x91]`N`zN[0x6]9[0xca]sk[0x16]Y[0xf1]c[0xd4]tv[0x16][0x93]l[0x8e][0x12][0x91]7[0x99]MI[0xd9][0xb4][0x7][0x86]uF[0x7]h[0xba]8[0xb2]z[0xf6][0x97]q[0xc1]]]>&#x7f;<![CDATA[[0x85][0x9b][0xe3]&[\r][\r][0xe6][0x5]=[0xb6][0x7][0xb6][0xc5]0P[0xe0]@[0x3][0xf2][0x1c][0xa5][0xaa]78[0x8a][0x85]O[0x11][0xb][0x6]a[0xeb][,[0xef][0xee][0xc4][0xf3]l+[0x17][0xc6][0xf5][0xf1][0xec][0x98][0xa1]C[0xee][0x93][0xc6][0xce][0x93][0xfa]![0xfc][0x17][0x8f][0x95][0x1e]"'[0xf0][0xcf][0xc9][0x14]M[0x86][0x89][0xe5]=i[0x1c]J[0x4]t?[0x8c][0x80][0xee]s[0xb7][0xcd][0xb6]h[0xe8][0xa3][0x90][0xd8]a#[0x92]%n[0x99][0xa0])[0xe8][0xa9][0xae][0x10])K_tB[0xf8][0x8f][0x1e][0xa9]] 4[0xc0][0xab][\n]"
10:44:05.398 [Test worker] DEBUG org.apache.http.wire - http-outgoing-0 << "[0xcc]N[0xa6][0x9]x[0x9f][0xcf][0xcc]U>[0x9f]QN[0xc2][0xef][0xb4][0xad]l[0xed]T[0xc5][0xea][0xe7][0x80][0xd9][0xbd][0xab]9[0xbe][0xd6][0xfc][0xe1][0x87]\[0xb3]z[0xc6][0x81][0xed]/#[0xa8][0x14][0x91]:[0xc8][0xc0][0x18][\r][0x92][0x96][0xc6][0xbc][0x9b], Q[0xc1]1[0xb0]:[0xb6][0x6]%[0xa2][0x99][0xde]V[0xc9]/[0xf1][0xcc]e[0x1][0x10] [0xaf][0x1f]TA[0xb8][0xac]Y[0xbb][0xf6][\r][0xcc][0x15][0x16][0xec][0xe3][\n]"
10:44:05.399 [Test worker] DEBUG org.apache.http.wire - http-outgoing-0 << "I[0x8]e*t$lOF[0xc2]U[0xe7][0xda][0xe6][0x85][0xc8][0x4][0xfa][0xd7][0x1b][0xda][0xa8][0x1e][0xd1]Y[0xa8]1S;][0x12]9[0xa3]o[0xb8][0xb0][0xc5][0xe2][0xa3]j`[0xfe][0xe0][0x10][0xb8])m[0x87]0E[0xc3][0x1a]O[0xa4][0xc5]14t[0x1d]C[0x89]8[0xbf]W0[:[0x9a]{[0x89][0x9b][0x9e][0x12]l[0xb3][0xcd][0x9][0xfa][0x1b][0xc3]@0[0xce][0xa8][0xc0][0xc3][0x9c]A[0xd0][0xa1]=cL][0xe9][0xaa][0x14][0x14]q[0x87][0x9c][0x9b][0x84][0x8d][0x9e][0x8d][0xdd][0xa9]_[0xf8][0xec][0xe0][0xf8][0xe0][0xd3][0xce][0xfb][0xbd][0x3][0xe9][0xe1][0x94]4[0xa2]S"[0x85]f_[0xbb][0xb2]'[0x8e][0xe1]!g[0x18][0xa2][0xc1][0xe2]L[0x4][0xfd]jIel.[0xb2]|f[0xfb][0x94][0x9a][0xcd][0xdb][0x93][0x12]j[0xc1][0xa7][0xc5][0x95]C[0x94][0x9c]"@[0xd8]fR[0x93][0xc0][0xd8][0xf3][0x87][0xa5][0x1c][0xb6]Z[0xaf]G][0xb0]<x'`[0x16]2vl}[0xd2][0xf3]\P[0x2]X,[0xa9]#$![0xc1][0x12][0xbb][0xea]P[0x18]O[0xdc][0xa8][0x91][0x3][[0xbb][0xe1][0xdb]@[0xe0][0xb2]U[0xf5]9[0x86]A[0xe][0xdb][0x9c][0x9e]=[0x1a][0xc3][0x90][0xc5]~[0xec][0xf7]Kd[0x8c][0xe0][0xd5][0xd0]6[0xa1]Ka[0xbe]q[0x86]$3[0x91][0x11][0xd1]e[0xda]Xp[0xc2]/x[0xbd]=[0x13][0xca][0x9d][0x87][0xdb][0xa8][0xdc]#B[0x90][0xdb]{x[0x8f]G[0xfc][0x88][0x96]#J[0xf5][0xaa][0xc2]i%[0xb6]y[0xd2][0x1d][0x19]^[0xb8][0xcd][0xe7][0xe2]^[0xd0]jyG[0xb4]Ur[0xe3][0xc7]]TP[0x9][0xc0][0x5][0xbf][0xd2]$[0x9b][0x18]F[0xf4][0x81]7[0xb7][0x94]W[0x17][0x9e][0xc3][0x9f][0xb1]a[\r]pO/}1q[0xb][0x9a]P)1[0xd9][0xd9][0xe3][0x89]c[0x1e][0xf3]E-k[0x81][0xb][0x8d][0x94][0xd1][0xc4][0xf4][0xc][0xe8]Ae[0xc8]h[0xdb][0x81][0xcd]>1[0xc3][0xca][0x91]Yt[0xca][0xa0][0xf4]WwWa[0xb]-[0xe1][0xd2]v[0xfe][0xd5] [0x97][0x4][0x92][[0xaf][0xb4]<![0x1e][0xb1][0xb4]}[0x88][0xf1]][0x1a]1[0xa1][0x18][0xb1][0xfb][0xa1][0xc6][0xb2][0x85]Rm[0xd2][0xc][0xe7][0x9]&[0x15][0xc8]Q[0xb5][0x80]r[0xd0]J[0xb7]g|[0x1b]"[0xcd][0xa7][[0xda]>[0x99][0x12][0x91]o[0xb6][0xc6]Y[0xa3]aN[0x1e][0xfe]71z[0x97][0xdc][0xb0]p[0xd8][0xb6][0x2][0x97][0x97]d[0x1b]+[0x85]O[0xb2]-[0xed][0x93][0x4]6[0xd1]0[0xe1]f[0x3]3M[0x82]h[0x9a]D[0xb]C[0x99][0xd1][0xc2][0x9a][0xf1][0xaf][0xfd][0xdd][0x8d][0xba]_[0xf2][\r][0x9c][0xd0]&*[0xac][0xa4]_[0x5]#[0x1c][0xed][0x8f][0x98][0x1c],W0[0xd0]E[0xae]#[0x8f][\n]"
10:44:05.399 [Test worker] DEBUG org.apache.http.wire - http-outgoing-0 << "5[0xe9]S[0x87]=[0xe6][0x9][0xec][0xc1][0xe2][0xca]cJ[0xb6][0xe8]0[0x5]:DT[0x80][0x93][0x88][0x99][0x11]W4[0xb7]*[0x9][0x99]U[0xdb][0xaf][0xa0][0xf]mk[0xb0][0xfd]Z[0xde]B[0xc4][0x85][0xdd][0xe1][0xa6]'2/*[0xdb]q[0x1c][0xfb][0xba][0x14][0xe1][0x80][0xdd]D[0xa3][0x14]cr|[0xc3][0x94][[0x99]I[0xcd][0x88][0x11][0x1d][0xf6]|[0xdc][0xfd]x[0x91]&[\n]"
10:44:05.399 [Test worker] DEBUG org.apache.http.wire - http-outgoing-0 << "/[0xc1][0xb3][0xc1]R[0xac][0xf0][0xe6][0x89][0xa1][0xc][0xec][0x5][0x1e][0x1a][0xb9]}[0xe8][0xdf][0x10]VuR[0xd5][0x9][\r][0xbe]{{[0xe3][0xee][0xf2]t[0xe7][0xd6][0xb2][0xd8][0xd8]2[0xac][0xd7][0xd4][0x91][0xed]}[0xcd][0xc2]e?8FO[0xb6]8[0xa9][0xf6]%4[0xf8][0xee]-[0xd6][\r][0xb7]g_QG[0xb4]v_\.[0xa8][0xa5][0xcb]k[0xbb][0xd0][0x8][0xc2][\n]"
10:44:05.399 [Test worker] DEBUG org.apache.http.wire - http-outgoing-0 << "[0x8f][0x83]P[0xce][0xf8][0xa3]{i[0xa9][0xd8]Z[0x86]n[\r][0x9d][0xc8][0x9d][0x0]f[0x90]:zD[0x7][0x1a][0xb4][0xe3][0x14]:[0x80][0xed]hd[0xf3]B[0xb7]}+[0xcf]/[0xcf][0x89][0x85]v[0xae][0xa2]HiF[0xf5][0xfb]z[0x98][0xf3][0x12]S[0xe6][0xc4][0xee][0x1a]&[0xdd]aV[0x85]++S[0xd9][0xb]e[0xf0]7[0xc3]A[0xdb][0x82]~[0xe1][0xf6][0xe6]9[0x5]M[0xa9]k[0xe8]x[0x97][0xeb]x[0xb4][0xa7][0x16][0xb2][0xfc][0x87][0xa5][0x1b][0x18][0x3][\n]"
10:44:05.400 [Test worker] DEBUG org.apache.http.wire - http-outgoing-0 << "g[0xa1][0xbe]N[0xe6][0x13]w[0xc7][0x93][0x19]&Sy[0x1c]#648[0xed][0xf7]c[0xcd][0x1]xze[0xd8][0x13]7[0x1c]k[0x96][0x8e][0x9f][0xc8]X[0xb3]C[0x16]kv[0xc8]M-[0xfc]!c[0xcd][0xe]gb[0xcd][0xe]Y[0xac][0xd9][0xbe][0x12]k[0x16][0x8b][0xb4]([0xb1]f[0xfb][0xf9]c[0x95][0xbe][0x87]X[0xb3][0xfd][[0xc6][0x9a]e[0xd9]l[0x12]7;[0x9d]x{&[0xd8][0x81]Tgq[0x94][0xd1]1[0x87][0x0][0x14][0xc][0x9c][0xe8][0x80][0x93][0x93]TL9[0xc5]BS[0xff][0xc6]L[0xc5]#[0xcb][0x92][0xd0]r[0xe8][0x8e]:[0x88][0x15]+[0x8d]g[0xc1][\r][0x0][0x91][0xbf][0xe9][0x15]5?S[0xc7][0x8e][0x9b][0xc7][0xfe][0xc3][0x19][0xcb]O[0xd1][0xd1][0x1][0xcd][0x18][0xbb][0xce][0xa7][0xc0][0xf7]51[0xca]R[0x9b]![0x84][0x19][0x3][0xbb]+[0x84]^[0xf3],[0xbe]q[0x95]bX[0xc5]([0xe1][0xf4][0xa5]&[0xd2][0x8c][0x4][0x8d][0x1f][0xcf]n[0x1e]=[0x95][0x8c]X[0x5]X[0xac][0x1f]F[0x18][0xa7]!f[0x87][0x9b][0x8]&|R[0xdf][0xad][0xde]\[0xaf]]]>&#x7f;<![CDATA[[0xb0][0xdf][0x1e]~[0xf8][0xeb][0x97][0xde][0xe8][0xed][0xdb][0xf]G_[0xe8][0xd4][0xab]}>ys[0xf3][0xd7][0x9f][0xdd][0xc1][0xc1][0xff]nN[0xf6][0x8d][0xb7][0xbd][0xdf][0xde]j[0xf6][0xe9]o[0x87]_[0x1a][0xbf][\r][0xbe]4[0xa9][0xdb][0xec][0xd7][0xa1]h[0xf7][0xdd][0xf0][0xdd]y[0xe7][0x97]5[0xef][0xcb][0xa4][0xea][0xee]8_[0x6]o]]>&#x7f;<![CDATA[[0xed]L.[0xcf]]]>&#x7f;<![CDATA[[0xbb]~k[0x9a][0xce][0xb1][0xf7][0xe6][0xb0][0xb7][0xdf]xs[0xf4]er[0xba]c[0x18][0x9f]O]]>&#x7f;<![CDATA[[0xf9][0xc]*[0xea]K[0xf3][0xec][0xe6]W(z[0xf5][0xe7][0xfe]o[0xe6][0xfa][0xe5][0xfe]_[0xd7]{[0xda][0xeb][0xfd]S[0xfd][0x9d]~[0xf2][0xb6]9[0xba][0xda]?p-[0xbb][0xbf][0xb6]q[0xf8]a[0xc3][0xa9][0xf6]Z[0x1b][0xfd][0xcf][0xbf]^[0xd9][0x6][0xed][0x1d]5[0xf5][0xb3][0xcf][0xa7][0x8d][0xd7][0xe3][0xcf][0x9f][0xc7]Wo[0xaf][0x81][0x0][0x86]7jU[0xeb][0xf4][0xc8]i[0x1f]]B[0x9e]w[0xc7][0xbf][0xee]O[0x9c][0xf3]w[0xd6][0xde]a[0xff][0xf2][0xd3][0xf1]z[0xa7]c[0x99][0x8d][0xff][0xa1][0xbe][0x8a][0xb]=[0xf4][0xe5]6kr[0xce]t[[0xdc][0x92][0x9c]{H[0xe7][0x1e][0xb6]sXUs[0xdb][0x91]1M[0xf8][0xc6],[0xe7]6[0x4]3[0xe7][0xde][0x2][0x19][0xbf][0x83][0x15][0x97][0xc9][0xa6][0x9f]1[0x95][0xdd][0xd8][0xed]M[0x1e][0x9e][0x93]M[0x5][0x19]u[0xc7]bV[0x13][0x11][0x84][0xd8][0xe8][0xf4][0xc2]b[0xf8]^,[0x86][0xd2][0xf6][0xae]m_[0x12][0xf9]fM[0xc2]^Y[0xba][0xa2][0xe2][0x6][0x19]&[0xd5][0x92][0x80][0x1d][0x5][0x3][0x82][0x94][0x9b][0xc1]/[0xf4][0xcd]g[[0x2][0xa7][0x16]%[0xb3]&[0x0][0xdc][0xcd]o[0x1]Hz[0xbb]Z[0xef][0x12]G=[0xde];0G[0xbe]}[0xc1]"[0xb]AU[0x8f][0xb0][0x96][0xae][0x92])[0xf7][0xdc][0x8f][0xd6][0x90]FS[0x6][0x3][0x94][0xb6][0xe3],[0x9][0x93][0xf6][0xbd]Yk[0x2][0xe9][0xe6]R[0x17])B[0x88][0xb1][0xa6]|[0x9b][0xe6][0x8d]=[0xa2][0xb7]n[0xf4][0xc][0x95][0xf4]:[0x14][0xd9][0xc0][0xc0]+[0xe5]VA|[0xb][0x87]T[0xb2][0xde][0x94]Q[0x8c]52[0x84][0xfc][0xb7]7[0xc9][0xa2][0xc3]<[0xcd][0xca][0xc][0xb5][0xaa][0xde]\[0xaf][0xae][0xad][0x97]H[0xec][0x4][0x8a][0x15]f[0x89][0xc4]S[0xc8][0xbf][0x1a][0xba][0x13]|[0xd3][0xb0]Y[0xab][0xf6][0xd9]z[0xf8]3[0xbe][0xef]|[0xc2]k[0xd8]B7[0x1]{<[0x8f][0xf5][0x1a][0xe2]<n[0xda][0xcf][0xe][0x94][[0xb][0xac]Vo[0xd5][0xee]$/A [0xbf][0xb8][0xfa][0xce][0xc4][0xf0][0xca]Wt[0x90]([0xb1]C[0xcc]A[0x9e][0x12][0xc8][0xf3]`[0xc5][0xd6]h4[0x1b]w[0x12][0x1b]'[0x90]_l#[0xb4][0x12][0xfb][0x86];L[0x14][0xdb][0x9][0x1a][0x8d]O[0x9][0xe6]y[0xa8]b[0xab][0xb7][0xd7][0x1a][0x1b][0xed][0xbb][0xc8]MR[0xc8]/8]3[0x9c]i[0xa2][0xd0][0xf6][0xf1][0xe9][0x83][0x16][0xd7][0xda][0x9d][0xc5][0xb5]6[0x8f][0xb8]zC[0xc3]4[0xa9]^N[0x94][0xd8][0x1e][0xcf][0xf0]Pe[0x6]6q[0xbd]z[0x17][0x91][0x9][0x2][0xf9]%[0xd6][0xd5].i[0xca][0x8][0xdb]e[0x8f][0x1f][0xaa][0xb8][0xea][0xb5][0xf5][0xf5]F[0xed].[0xf2][0x92][0x14][0xf2][0xb][0xc][0x4][0xf4][0x17][0xb5][0x92]G[0xd8]!{[0xfe]P%V[0xab]7[0xeb][0xf5][0xbb][0x8]L[0x10][0x98]C^[0xb6][0xad][0xc3]fb[0xdc][0xb5]5GO[0x96][0x1a][0xe4]"2[0xd7][0xc3][0x15]^m[0xe3][0x8e][0xc2]c[0x4][0xf2][0xb]Ow[0x80][0x8c][0x9b][0xac][0xff][0xd9][0xe3][0x87]+[0xae]f[0xf3][0x8e][0xd6][0x19]#[0x90]_\C[0xaa][0x99][0xde][0xb0][0xdc][0xa5][0xda][0xc4]K[0xd6]ioX.06x[0xbe][0x7]+[0xbe]Z[0xbb]u'[0xdd]&[0x8][0xe4][0x17]_W[0xeb]N[0xcb][0x9e][0xad][0xeb]&u[0xca]2>&ei[0xe8]NA[0x88]"[0xff][0x83][0x95]b[0xbd][0xd5]n[0xde]I[0x8a][0x9c]@~)[0xe][0xed][0x89][0xcb][0xe2][0xdf][0x92][0x7][0xa0][0xcc][0xf1]p[0x85]V[0xdf][0xb8][0xe3][0xcc]e[0x4][0xf2][0xb]mL[0xbd]Dq}[0xa0][0xde]C[0x15]T}[0xbd][0xb6]^[0xbd][0xdb][0x96]@P[0xc8]/*[0x4]'R[0x86][0xd6][0x88][0xde][0xbb][0xb0][0x82][0xfc][\n]"
10:44:05.400 [Test worker] DEBUG org.apache.http.wire - http-outgoing-0 << "Tw{[0xb0][0xae]sm[0xcf]buxs;[0x9]eYT[0xc5] t[0x1a]S5[0xbb][0xbd][0x1d]T[0x12]W[0x83][0xc2]Z[0xbe][0xca][0xe][0xed][0x89]3[[0x17][0xbb][0xbb][0xad]DQH[0xa7][0xa9][0xfc]WFND.g]"
10:44:05.402 [Test worker] DEBUG org.apache.http.wire - http-outgoing-0 << "[0xa8]"h[0xe2]Ds/[0xf1][0xed]72{;[0xe][0xcc]S[0x1e]#[0x1b]X[0x9]o[0x1d]{[0x85][0x80][0xc4][0xa4]WcY1[0xf]:&[0xe4][0x8b][0xfb][0xc6][0xd0][0xa9][0x8a][0x9f][0x5]'S[0xbe][0xaa][0x8c][0xb7][0xe3][0xe9]$PWc[0xf1]'][0xe0]P[0x92]'[0x9]tX[0xa9][0x99] [0x94]hJ]]>&#x7f;<![CDATA[[0x8a][0xe9]Ul[0xb4]K\[0xca][0x97]K&?[0xf2]2[0xcf][0xdc][0xe6]h[0x9c][0xf0]L[0x9][0xec]-5lg&[0xe5][0xca][0x9a][0x10][0xda][0x13]NY[0xcf][0x1f][0x88][0xc8]|DN[0x86][0xed]q[0xfc][\r][0xf1]][0x86][0xc1][0x15][0xe2]K[0x15][0x9f][0x8f][0xcc][0x9][0xf1]q[0x1c][0x8e]I[0x8f]aq[0x85][0xf8]R[0xc5][0xc7][0xf0]9[0xe9]Ifh\![0xb0]T[0x81]I[0x84]N[0xc8]L[0xe2]q[0x85][0xd4]R[0xa5][0xc6]Q:!3[0x81][0xc9][0x15]"[0xcb]X[0x17][0x18]N[0xe7][0xaf][\n]"
10:44:05.403 [Test worker] DEBUG org.apache.http.wire - http-outgoing-0 << "[0xc][0x95]+d[0x96].3[0x15][0xab][0x93][0x92][0xb]!s[0x85][0x0][0xd3][0x97][0x3][0x6][0xc8][0xc9][0xf5][0x80][0xa3]s[0x85][0xc8]RE[0x16][0xc2][0xec][0x84][0xe4]$B[0xc7][0xcc][0x10][0x81][0xd2][0x15]b[0xcc]X!b[0xb0];]]>&#x7f;<![CDATA[[0xc1]@[0xa4][0x8e][0x9]S[0xa2]u[0x85]4[0xd3][0x7][0xa5]D[0xe8][0xe4][0x80][0xf4][0x11][0xbb]Bp[0xa9][0x82][0x1b]SO[0x88][0xc]Q[0xbb]BX[0x19][0xa3]lD[0xfd][0x1][0x86][0x11]G[0xf]N\1[0xaf][0xf7][0x4][0x8f][0xc2][0xef]_[0xca][0x14][0xdc]Q[0xe1]$[0xb5]Dp[0xe][0x5]C[0xd7]^[0xe3])f[0x9a]Gu[0x82][0x87][0xef]u&[0x94]}[0xe][0xa3][0xba][0xee][0x9f][0x92]Lv[0xcf];[0xfc][0xf3][0x18][0xca]'1[0xd8][0xb9]E[0xc9]'[0xf3][0xf8]yR[0x8e][0xf7]a/[0x9a]f[0x9c][0x11][0xa4][0x1c]1t[0xa0][0x9c][0x9a]t[0x2][0xb9][0xc9][0x8e]C[0xb5][0xe0][0xe0]![0xd1]F[0xff][\r]'[0xc8][0x11]z}[0x1][0x8b][0x89][0x3][0xc3][0xa2][0x85][0xfc][0x82][0x12]Xs<[0xa3]g[\n]"
10:44:05.403 [Test worker] DEBUG org.apache.http.wire - http-outgoing-0 << "d[0xd2]?8(,j[0x8e]~[0x9e]wv[0xce]:d[0x17][0x18][0xd1][0xf7][0x9c][0xc9][0xa8][0xdb]q4[0xc3][0x9c]9[0xa4][0x88][0xcc]$[0xb5]6[0xb][0xda][0xd6]E[\n]"
10:44:05.403 [Test worker] DEBUG org.apache.http.wire - http-outgoing-0 << "=[0xa4][0xc0]+[\r][0xae][0xdf][0xc7][0xbf][\r][0xcb][0x88]D[0x90][0xc0][0xd2][0xf6]o[0xf6][0x84]h[0xe]%C[0xea][0xd0]M[0x84][0xfe][0x92][0xc6][0x96]<4)T[0xf]B[0xa6]Iua[0x82][0x9e][0xf]p[0xf9][0xbe][0xe1]`[0xee][0x10][0xd6][0xdd][0xb3][0x1d][0xf6][0xd2][0x88]D[0xb8][0xe7][0x99][0x8b]Q[0x18][0x89][0x11][0xe][0x5]sE[0xe3][0x1][0x95][0xbe]S[0x99][0xd0][0xd8]{[0xb4][0x92][0x7]5[0xeb][0xab][0xc8][0xb][0xcb][0xe3]m~2[0x5][0x81][0xc2]6[0xfb][0x10][0xca]f[0x18].[0x9d][0x85]5g[0x85][0x83][0x8a][0xec]v[\r][0xad]x[0xf6][0xb8][0xec]R<[0x1d]G[0x1a][\n]"
10:44:05.403 [Test worker] DEBUG org.apache.http.wire - http-outgoing-0 << "0[0xfc][0x89][0xb8][0x83][0xed][0xcc][0x8c]t[0xbc]#[0x3]=[0xcd][0xe9][0x96][0xc1][0xd2][0xc3][0xd3][0x88][0xf0]%g[0xc9][0xc6][0x1e][0xdc]'[0xea][0xfd]o[0xc1]L[0xdf][0xb4][0xaf][0xa1][0xdd][0xe5]2[0xc8][0x84][0xea][0xfe]K[0xc0][0xfc].[0xc][0x1][0x98]R[0x96][0xf7]M8[0xb1][0xe8]u[0xd9][0xb0][0x80][\r][0xcd][0xb5]-i[0xc2]Q[0xd7]c[0x1f][0xa7]a7[0xbf][0x5][0x17][0xec]s9ev[0xed][0xef][0xa1][0xe1][0xe]aw[0xbe][0x1d][0x3][0xf0][0x8b]zx[0xbc][0xa6][0x1b][0xe2]"[0xb8][0xfd][0xed]Xq5S[0xd3]C\[0xb0];[0xdf][0x8e][0x1]P[0xab]][0x17][0x86][0xc6][0xc0][0xa1][0xba]A[0xfd][0x8f][0xf8][0x8]f[0xd8]S[0x18][0xa8][0xca][0xf3]o[0xc1][0xda][0xd8][0xa1]x[0xa0][0xa2]^FU[0x8e][[0x90]2[0xd5]|[0x1b]P<[0xe3][0x83]f[0x5]{[\r][0x18][0xfc]fR[0xb3][0x9d][0x81]f[0x19]=[0xc1][0xcc])[0xbf][0xfa][0x16][0x15]{[0x9a][0xeb][0xd1][0xb2]7[0xa4]e[0xdd][0xc0]W[0xa3][0xa8][0xd5][0xa3][0xe5][0xda]zk[0xad]]+7[0x9b]R[0xd9]b&vv[0xcd][0xbe][0x9f][0xe9][0[0xe7][0xff]*[0xf7]5[0xc3][0xf1][0x1c]0p[0xe4]8[0x92][0xd7][0xdf][0x86][\r][0x86][0xcf][0xf1][0x1b][0xe5][0xb8]y[0x8e][0xcf][0xf9][0xc8][0xe1]+p[0xde][0x9][0x1f][0xeb]Me[0xf9][0xc3]%[0x14]k[0xc2]eoD[0x97]n[0xdf][0x96][0xa8][0xae][0x94][0xe6][0x83][0xa2]1}[0xf3]![0xdb]^[0x8]q[0x19]ofg[[0xf][0xa1][0xdc][0xa9][0xe][0xd2][0xe4]'[0x98][0xee][0xd0][0xc7][0x9a]i[0x86][0xa4][0xb2]c[0x9a][0xa9][0xeb][0x87][0x9a][0xee][0x8d])[0xc7][0x18]S[0x18]pL][0x9][0xbe][0xce][0xe0][0x16][0x8c]1vk[0x99][0xac]u5[0xb][0xfe][0xe7][0x96][0x7][0x8e]6[0xa6][0x1]z[0xc3]n[0x2]]]>&#x7f;<![CDATA[[0xfc][0xf6]2[0x19][0xd4][0xc6]c[0x98][0x81][0xe5]1[0xd5][0xc0]Rr[0x86][0x93].Xj[0xb2]o[0xd9][0xa3][0x15][0xc2][0x9e][0xa1]0[0xf9][0xd3]er[0x9b][0xf1][0xf1][0xbb][0xb8][0xef][0x19][0xfa][0x1f][0x19]\&[0xdf]=[0xc3]s&nh[0xe6][0xec][0xb1][[0xcb][0x9f]<[0x16][0xfb][0xce]!l[0x95]a[0x10][0x98][0x93][0x91][[0xd6][0xc6][0x8e][0xd1][0xb3]=6&@[0x8c]R[0xb4][0xef][0xfd]|0"0[0xe3][\n]"
10:44:05.404 [Test worker] DEBUG org.apache.http.wire - http-outgoing-0 << "[0x91]9[0xd1][0x96][0xe6]y[0x97][0xd9][0x90][0x11]5m[0xab]<[0x6][0xe][0xd9][0x98]._[0x1a][0xd7][0x86][0xe0][0xfd][0x1d][0xfc]D&[0xe5][0xb3][0xe5][0xb3]Y.[0x8f]4k`[0xb][0xfe]N[0xf0][0x1e]0[0xc8][0xee]-[0x95]9d[0xa0]Lol[0xcf][0xe8][0x89][0x85]\[0xd7]<[0x18][0x1a][0xd6][0xc4][0x9f]c[0x1f][0xb4][0xb1]6[0xd5]`[0x10][0xd8]#[\n]"
10:44:05.404 [Test worker] DEBUG org.apache.http.wire - http-outgoing-0 << "[0xfa][0xb]6t[0xa8]iy[0x99][0xe5][0xf]g[0xce].[0xe3][0x17][0x84][0xdc]7[0x6][0xbe][0xef][0x6][0x1f][0xac][0x10]|[0xc0][0xde]J[0x1a],u[0xb0][0xc6][0x98][0xd6]gx[0xb][0xf][0x82][0xc6]x[0x8d][0xa5][0xcb]QX[0xda]![0x95]%[0xec][0xed][0xe5]3[0xe7][0x8e]i[0xcf][0xd0]LqJA[0xb9][0xbe][0xb6][0xb1]^[0xdb][0x8][0xec][0xf0]s[0xfe][0x98][0xf0][0xc7][0xb7]f4[0x1]*[0x8d][0x83]I#[0xf4][0xf9]/[0xc5][0x1a][0xf5][0x86][0x86]s{c4k[0xd5][0xe3][0xa6]i[0xfa][0xda][0x17][0x81][0xba][0x14].[0x3][0xd6][0xe7][0x12]C[0xbc] [0xd8]}[0x6]d"[0x16][0x9b][0xe]c*[0xe7][0xf][0x9f]P[0xd7][0xd5][0x6]4[0x11][0xd4]M{.N[0xa0][0xc7][0xe3][0xea][0xe3][0xe]s[0xf][0x1d][0x5][0xcc][0xf][0x8d][\r]5[0xf7][0xd5][0xb0][0xc6][0x80]K0[0xec]'[0xa6][0xe7]"<l[0xe0][0xe1][0xc2][0xa2]L[0xe4][0xb6][0xd2][0xdc]4y?[0xb5][0xba][0xee][0xf8][0xe5][0xf3][0xda][0x9a]]]>&#x7f;<![CDATA[(%[0xd1][0xae]@[0x2][0xb8][0xdd]y![0xe5]>[0xac][0xe1][0x11]z[0xe2][\n]"
10:44:05.404 [Test worker] DEBUG org.apache.http.wire - http-outgoing-0 << "[[0xb2]]]>&#x7f;<![CDATA[[0xb0][0xfb][0xf1][0xf5]&a'[0xef]w[0xec][0xf1]1[0xed]{[0x7][0xe7]c[0x9b]}[0xcd][0x84]l[0x91][0xcf][0x9b][0x87]g[0x1f][0x8f]:[0x17];[0xef][0xf7]/>[0x1d][0xbc][0xae][0xec][0xc3][0xf5][0xc1][0xf9][0x9b][0xb]v[0xb7][0xb2][0xb3][0xb9]{pvvtp~[0xb1][0xf7]F[0xfc][0xc0][0x8c]{[0x1f][0xcf][0xce]v[0xde]w[0xce]+L@[0x17]@[0xf6][0x2][0xe9][0xfa][0xd2][0x8b][0xd4]yf[0xc][0x86][0xf7]R)#[0x1c]A[0xd5][0x85][0x88])V7sj[0xbd][0x92][0xf][0xbb][0x7]?[0xbb][0xcd][0xce][0x9a][0x98][0xba][0xde][0xc5][0xc1][0xf9][0x87][0xd3][0xce][0xc5][0xfb][0x9d][0x93][0x83][0x8b]E[0xf1][0x87]B[0x9][0xbe]}[0x0][0x95][0xed][0x89][0xca]:[0x1a][0xf4][0xfa]"k[0xf1]w[0xb0][0xaa][0x8]\[0x2][0xd3][0xba][0xcb]NM[0x86]]]>&#x7f;<![CDATA[nJ[0x84]}Fc[0xab]tm[0xe8][0xf8]-[0xb1]Z[0xb5][0xfa][0xe4]%[0x19]R[0x14]"\mT[0xc7]7/[0xc9]X[0xd3]qL[0x96][0x1d]q[0xb7][0xad][0xde][0xec][0xda][0x9e]g[0x8f][0xe0]n[0xb][0xef][0x82][0x8e][0x8][0xd5][0xa6]TU[0x6][0xda][0x4]kg{[0x91]rw[0x90][0x91]W[0xd1]bxv[0x1];[0xd4][0x9b][0xf3]:[0xb6]An[0xb8]k%Z[0xd7][0xb5][0xcd][0x89]G[0xd1];=[0xde]$[0x8c][<[0xd1][0x80][0xff]L[0xfc]@[0x86][0xff][0xb1][0x12]t[\r]][0xc0][0x9f][0xf5]Jo[0xda]3[0xe9]Eu[0xfd][0xa2][0xba]q[0xa1]M[0x6][0x95]/P[0xc7][0x88]}[0xc9][0xca]q[0xa6]=[0x8d][0xba][0x9a]s[0xc1][0x8f]X[0xb9]0[0xe0][0xe7]zs[0xed][0xa6][0xb6][0xd6]Z[0xfd]2[0x96][0xc7][0x83][0xef][0xb1][0x9c][0x84]g]%[0xe7][0x94][0x12][0x9e][0x1f]?[0xe9][0xcd][0x97][0x6][0xec][0x8e][0xc4]&g[0xf4][0x4]^[0xc5][0xb5][[0xf4][0x9]ky [0x3]{[0xac][0xc1]N`[\n]"
10:44:05.404 [Test worker] DEBUG org.apache.http.wire - http-outgoing-0 << "W/I[0x19]L[0xed][0xbe][0x81][0x90][0xf8]&*[0x89][0x81][0xa1]o[0xee][0xff]z4[0x2]-[0x7][0xba][0xd2]r[0xf1]([0xe2][0xd5][0x13][0xa3][0xe7][0xd8][0xae][0xdd][0xf7]Vw[0xcc][0xf1]P{^}[0x81]1[0x9c][0xbc][0x8c][0xc6][0xee][0x8][0x8a][[0xf0][0x4]O[0x97][0x80][0xd5]cb[0xe9][0xe5][0x9e]m[0xda][0x90][0xe5][0xa7][0xc3][0xc3]F[0xa3]Ze[0xdd]]]>&#x7f;<![CDATA[[0xdf][0xad][0xf4][0x1b])[0x7] [0xef]ouH[0xb2],[0xb5][0xb5][0x98][0xa1][0x1b]7p3[0x86]m<[0xc7][0xa1][0xaa]b)[0x98][0x13]Ks[0x8][0xfb][[0xe6][0xa7][0x1f][0x97]a[0x8f][0xce][0xf4][0xce][0xf][0xaf][0x86]MI[0x15][0xbf][0xe9]R[0xd6]Lc`mbC^b\[0xa3]2[0x90]$[0xe2]9lB[0xa9][0xf1][0xf6][0xe][0xff][0x14][0xfd][\n]"
10:44:05.405 [Test worker] DEBUG org.apache.http.wire - http-outgoing-0 << "[0xe1][0xd1][0xde][0xc4][0xbb][0xc6]w[0x5][0xc0][0x94]C$[0xc7][0xd4]y[0xf5][0x8]T[0x8e]!{[0xd7][0xc1]c[0xea][0x83][0x3][0xfc]<[0xcb]?[0xb][0x4]&[0x14][0x1e]j!F[0xa8]2:o[0xd3]{q[0xb2][0xd0][0xfc][0xb9][0x1a][0xee][0x0]P[0x12]%[0x85]4[0x8c][0xc7][0x91][0x8d][0x9d]]6p@[0x96]M[0xe5][0x8c][0xa0][0xd9][0x93]9[0x84][0x11][0xa2]j[0x82][0x19][0xea]9&}`[0xf9][0xb0]J[0xf1][0x93]Px[\n]"
10:44:05.405 [Test worker] DEBUG org.apache.http.wire - http-outgoing-0 << "[0xb9][[0xc1][0xd3][0xc8]m[0x8b]Z^[0xc5][0xe7][0xab][0xe2]^[0x1a][0xd6]E[0xad]{aX[0xc0][0x1b]U>[0x7]pl;tD[0x8c]1[0xf4][0x4][0xd1]q[0x1a][0x90]zx[0xa2][0xcf][0xfc][0xfd][0xe1][0x1b][0xaf]4l%[0xbc][0xff][0xa5][0x86]U[0xa3]8[0xe6]g\[0xf5][0xbe][0xb9][0x16]c!1ApM3[0xb3]0[0xfb][0xe5][0xd0]|8<:[0xee][0x1c][0x9c][0x91][0xf3][0x83][0xbd][0xce][0xd1][0xe9]{[0xee][0xbd]>'[0xc0][0xda]A[0xd8]<[0xdb]u[0xec]k[0x97][0x1e]j=[0xe8]i[0xd5][0x8a][0x93][0xb9][0xb8][0xff][0xfc][0x90][0xd5][0xc8][0xad][0x4][0xfe]V[0xcc][0xb0][0x1e][0xf5]H[0x8b][0x93][0xd8][0x85][0x1e][0x14]@)[0x18][0xb8][0xc3][0xfa]v|[0x9b]x[0xc6]s[0xd3][0xf0][0x86]1[0x8d][0x98][0xc9][0xb8]g[0x9b][0xa6]6v[0xe9][0xae]6[0x93]9Z[0xc0][0xb2][0xf]Mz[0xb3]'[0x87]g[0xec][0x99][[0xc1]b[0xc9][0xc9][0x9f]r~[0xc5][0xb1][0xf4]C[0xfb][0x1a]_[0x85]9[0xc][0xb1]H4[0xc7][0xd0][0xf0][0xeb][0x86][0x9e]c[0x9b]>_[0xb2] V2S[0x8b][0x10][0xdc][0xd4][0x9e]8[0xec]8[0xf4]8F*3o[0x87][0xb1][0xdb]*r[0xfd][0xe7][0x4]?[0x99][0xe5]M9[0xe]Mu[0xce][0xe5][0xec]][0xf1]![\r]O[0xf3]&[0xae]`[0x17][0xcf][0x8a][0x82]N[0x82][0xa9][0xec][0xf0][0xd3][0xad][0xd9]][0x7][0x8a]\i[0xf8][0x99]{T[0xa8][0x89][0x87][0x92][0xc5][0xb2]+[0xd0][0xf3]d[0x89]f[0x1e][0x15][0x14][0xfd][0x18]2~[0xbc][0xea][0xdc][0xf8][0x8b]n5[0xda][0x89][0x87][0x19][0x8a][0xf]Wl[0x1d][0xee]|:[0xfd]xv[0xd4][0x81][0x9]v[0xfa][0xfe][0xf8][0xb7]'k{[0x9d][0xd3][0xf][0x17][0xe7][0x7][0xc7][0xc7][0x7]g[0xe7],g[0x1f][0x7]3?[0x15][0x11]T[0xec]EOT[0xb6][0x85][0xaf][0x97][0x8a][0xa3]S[0xd9]g[0xc9][0xfc]'[0x17][0x8e][0xc5][0xb3]w[0xe9][0xc0][0xb0][0x8e],[0x9d][0xde]lU%#,[0x7]r[0xe2][0x97]N=[0x87][0xdd][0xdf][0x9d][0x8c]a[0xe1]qQ[0xe0]I[0xb2][0xe5][0x1f]T[0xe0]c[0xc8][0xcd]7.[0xe2]w[0xb8][0xb3][0xf7][0xa2]W[0xec][0x1d]3[0xfe]%[0x15][0xa9]OP[0x1d][0x1d][0xaa][0xe3][0x97][0xa8][0xba][0xc5][0x9f][0xc][0xea]w[0x1b].[0x98]`[0xdd][0xb][0xa4][0x13]|s[0xe5][0xa7][0xc8][0xb7]XrN[0xc1][0xd8][0x8f]u[0x4]_[0xfa] [0xa1]O[0x80][0xcc]SX[0xf4]C[0xf8][0xbb][0x1f]s[0x12][0xa8]7$[0x1]]]>&#x7f;<![CDATA[$[0xce]G[0x2][0xc7][0x8a]BB[0x8c][0xa1][0xb9]h[0xc8][0xe2][0xb3]cu.2!V[0xd4][0xe9]0[0x17][0x95]F;`[0x87]O[0xd5]X[0x15][0x9c]B!2m[0xff][0x8f]2i[0xa3][0x9f][0xa6][0x99][0x93]r[0xcc][0x7]U[0xe6]iZU[0x96][0xf]&]]>&#x7f;<![CDATA[ld[0xd4][0xec][0xad][0xa8][0x93][0x13][0x93][0xba][\n]"
10:44:05.405 [Test worker] DEBUG org.apache.http.wire - http-outgoing-0 << "][0xc3][0xbe]m,[0xcf][0xda][\r][0xcd][0xab][0xc4][0xa5]; [0x1d]^J[0xa2][0x80][0x9][0xfb][0xf6][0x8a]\b%[0x11]5[0x83]a[0xe9][0x6][0xfb]NF(0n[0xbc]-[0x18]P[0xfc][0x97][0xaa][0xfe]P)[0xb0]o[0x12][0x83][\r]K][0x95]D[0xdc][0xaf][0xd9][0xab]0' [0xfa][0xe4][0xf7][0x8b][0xf9][0xd5][0xec][0xc2][0xe9]w[0x1a][\n]"
10:44:05.405 [Test worker] DEBUG org.apache.http.wire - http-outgoing-0 << "[0x8f]]]>&#x7f;<![CDATA[[0x81]I[0xf0][0xee]w[0x18]SG%[0xd1][0xab][0x92][0xdd][0x12][0xd1][\r][0x17][0xd1][0x1c](&]]>&#x7f;<![CDATA[[0xa9][0x1f][0xd1][0xc1][0xc5]/[0xc8][0x11]|:i[0x86][0x83][0x4][0xad]-[0xbe][0xc]$[0xfb][0xc1]?E[0xf6][0x18]o[0x97][0xf8][0x17][0x83]"[0xec][0x86][0xce][0x9a][0x8d]~!HMJ[0x95][0xfe]K[0xc8]1[0xcf][0x96]&[0xf9]Z[0x86][0xe4][0x85][0x94][0xd7][0xdb][0x89]"[0xc5][0xbf][0xb3][0xb][0x9d][0xf2][0xb1][0xa5]H}[0xdb][0xef][0xe9]u [0xb3][0xe8][0x9c]x[0xd8][0xd2][0xaa]]]>&#x7f;<![CDATA[[0xab]q:[0xcb][0x12]O[0xe1][0xa1][0xca]1[0xf7][0xc4]aZ/m[0x9f][\n]"
10:44:05.406 [Test worker] DEBUG org.apache.http.wire - http-outgoing-0 << "T~[0xa1]CtV[0xc9][0xc8][0xad]Nh[0x13][0xa2]Y:[0xdb][0x83]D[0x81][0xe4]x[0xc5][0x7][0xeb][0x18]+2[0x97][0xea][0xc3][0x88]K^j[0xe1][0xda]/v[0x1c][0xa9][0x1d][0x95][0xd8]I[0xca][0xe0][0xf1][0x1b][0x95][0xa5][0xe0][0xe4]4[_[0xb]]]>&#x7f;<![CDATA[[0xe3]KI[0xe1][0xda][0xd5][0x9][0xa6][0xd4][0xb2][0xed]]]>&#x7f;<![CDATA[[0xa1][0xef][0xe9]O[0xd5][0xc6][0xc6]K[0xa5][0xeb]e[0xe9]h[0x1f][0xdf]g[0xb3]sj[0x97]f}[0xa3][0xb9][0xd1]j[0xaf][0xad][0xb5][0xee][0xd2][0xfa]ZRP[0xd8]2%[0x90][0xa5]1"
10:44:05.408 [Test worker] DEBUG org.apache.http.wire - http-outgoing-0 << "[0xa2][0x12]h[0xde]E[0x2]0[0xe1][0xcf]O[0x89][0x1f][0xa9][0x97][0xdd][0xee]G[0xfc][0x1f][0xf5]a[0xe4][0xf5][0x2][0xee]YJ[0x9a][0xca][0xca]|[0xef]@[0xc3][0xe6][0x99][0xee][0x90][0x9d][0x9]V[0xd5]>Y3^[0xe6][0x83][0x89][0xf][0xc5]c[0x2][0xb6]f[0xf4]W[0xf2][0xfc]W?[0x89][0x12][0xfa]<[0x8a][0x92]f[0xfb]a[0x86][0xde][0xae]}[0xf3][0x8b][0xb0][0x9]c[0xba]-f}[0x8b]Ym[0x92][0xef][0xc7][0x8f][0xc5][0xd8][0xac][0x98][0xd2][0x9e][0xc9][0xa4][0xe]R[0x10]bN[0xc5][0xc4][0xc6]g[0xbb][0xd1][0xac][0xb5][0x12][0x96][0xac]PJ{[0x1e][0x1a][0xb8][0x8c][0x81][0xed]s[0xcf][0xd1][0xae][0x85][0xdf]5[0xc9]2[0xf0][0x8b][0xcb][0x1e][0x9e]K[0x8e][0xf3][0xde][0xbf]]]>&#x7f;<![CDATA[[0xb9][0xcf][0xa3][0x19]Q[0xee]I[0xf6]W([0xcd]#w[0xd0][0x96]g[0x9a];[0xfe][0x97][0x89]}[0x1e]u[0xdc]n4[0xd6][0x16].vP[0xd1][0xbb][0xa6][0x6][0xb5]-C[0xee][0x98][0xd2])[0xb2][0x1c][0xe9]:n[0xbe]*[0x97][0xd7][0xd5][0x8d][0xb9][0xba][0xba]Yk.[0xba][0xab][0x1b][0xd8][0xd5][0x13][0xba][0x94][0x9e]^[0x9e][0xd8][0x9b]s[0x89][0xbd]&[\r][0xde][0xc5][0x89][0xbd])[0xdc][0x87][0xff]"[0x99][0xb7][0xe6][0x92]y[0xa3][0xbd][0xb1]h[0x99][0xb7]@[0xe6]~[0xf4][0xd3]}[0xcb]\[0xfd]=KM[0xfe]N[0xda][0xca][0x86]7[0xac]!;7[0xd1][0x84]%1)[0xc6]6d[0x14]c[0x1e][0xc4]d[\r][0xec][0xe6]}[0x83]z[0x9a]3[0xcd]i:G[0x9c]fXx[0xc7][0xd2][0x8f][0x8d]>e[0xde]`]]>&#x7f;<![CDATA[[0xef][0xec];[0xc2][0xf4]h[0x8e][0x90]/l[0xb6][0xbc]`[0x87]<%[0xa6][0xbc][0x19][0xb8][0xfd]d@[[0xf8][0x88]D[0xc3][0xed][0xa9][0xb6][0xef]sw[0xd2][0x1b][0x12][0xcd][0x15][0xef][0x9c]8[0x86]f[0xad][0x10][0x11][0xe1]H`#[0x1][0xdb][0x9][0xc3]3[0xdc][0xa1][0x1f][0x9a]%|OJ[0x87][0xcc][0xec][0x16][0xa2][0xad][0xf0]O[0xb5]3[0x18][0xd4][0x92] [0x84]D[0xdb]_[0xb2]:[0xd7][0xde][0x9f]DR[0xe2]6P[0x9d][0x9d]Q[0xde][0xe6]2[0xb7][0xdb][0x8d]V;q;[0x18]7[0xaa][0x94]Y9[q<[0x19][0xd1][0x19]q[0xa3]9[0xe]3[0x8a][0x1d][0xe3][0xdf]Jxs[0xd9][0xcc][0xed][0xb5]V2[0x9a]0[0xa7][0xf0]f>[0x1a])[0xd2];J[0xc7][0xe4][0x8c][0xf6][0x1d]c[0xc0][0xdf][0xc1][0xff].[0xc4]8[0x97][\r][0xdc]^[0xab][0xd5][0x16]%[0xc6]z[0x82][0x18][0x5]`qG[0xe1]Iu[0xa2]'[0xc1][0x18][0xe9][0x9a]6L[0x8c]D[0xd2][0xac][0x16]V[0xbe]k[0x1a][0xcd][0xcc][\n]"
10:44:05.408 [Test worker] DEBUG org.apache.http.wire - http-outgoing-0 << "p[0xf9][0x8b]"[0xfc][0xc3][0xa1]d[0xec][0x18]#[0xe0]@[0x8a][0xdc][0x9d]tG[0x86][0xc7][0x95][0x18][0xbe]*1[0xe5][0x94]e[0xf7][0x84]n[0x89]N[0xc1][0xd7][0x84][0xa6]D[0xde][0x8c][0xeb][0x96]x]]>&#x7f;<![CDATA[2[0xfa]w[0x95][0x9b][0xd1]L[0xb0]6*hOz[0xf4]H$[\n]"
10:44:05.409 [Test worker] DEBUG org.apache.http.wire - http-outgoing-0 << "[0x5][0x8a][0xf8]1([0xc9][0x15][0xa8][0xf2][0xb][0xc5][0xbd][0xc8][0x90][0xdd][0xe4][0xc8][0x17],[0xa9][0xe6][0x8c]~[0xf5]Vs[0xa8]&[0xef]m[0xc7][0xb6]>B[0xe1][0x98]}S=[0x8a][0xea])[0x9d][0x9e][0x12][0x8]3[0xd6][0x6][0x86][0xc5]>[0xeb][0x9e][0x12][0x4][0x13]d[0x92][0x8d][0xf1]Ggp[0xd0][0xed][0x95]A[0xaf][0x95]0[0x93]Y.|[0xca]Ad[0xfb][0xc0]1t?0$i[0xe0][0x85][0xde][0x8e][0x14][0xec][0xbf][0x86][0x82][0x4]kL~O2>h_[0xa9][0xdc]L9_[0xe2][0xf6]a"H[0x15][0xc3][0xf0][0xd8]wR[0xe7][0xc][\n]"
10:44:05.409 [Test worker] DEBUG org.apache.http.wire - http-outgoing-0 << "[0x89][0x9][0xf9][0x8]":[0x12][0xc2]D[0xc2][0x81][0x1e]3[0xc1]!y[0xa2]V[0x2][0xa7][0xb4][0xff][0x99][0xce][0x98][0x80][0x12]<[0xf1]Z[0xdf]J[0xf8]f[0xa7][0x1f][[0x7]w[0x93]d[0xca][0xe4][0x1a][0xd7][0x99][0xec]l[0xe4][0xd4][0xce]dE+q[0xc7][0xe1][0xc4]t[0xb3][0xd4][0x9b][0xec][0xc5][0x3]]]>&#x7f;<![CDATA[[0xa0][0xb2][0xc0][0x92]P[0xa4][0x88][0xe8][0x97]H[0xa8]HZ[0x87]']]>&#x7f;<![CDATA[[0xec]4[0xf4][0xee]EdH[0x84]cO[0xd4])[0x96][0xe2][0xf1][0x8f][0xb]/[0xc9]S.)[0xb2]$g[0xd9][0x84][0xa0][0x92]\[0xa5][0x93][0xe3]I[0xf2][0x14]O[0x8f][0xde][0xb8]CpD>"~[0xe5][0xc1]@[0xbe]=[0x11]>W[0xf2][0xf2][0x1f][0x1f][0x1b][0x92]Z[0x92][0x17][0x18]j[0xee][0x7][0xf1]}[0xed]S[0x1c][0xcb][0x1][0xc5]|[0xe5][0xc7]j[0xe1]#[0xd5][0xb3][[0xc9]G@[0xf6]2[[[0x8f][0xf4][0xda][0x9d])[0xd4][0xe7][0xa7][0xd0][0x9d]X[0xba]Ig[0xb8][0xf7][0xcb][0xc6][0xf6]at?[0x16][0xbb]F[0xe7]p[0xdc][0x84][0xac]C?4[0xe8][0xdc]v<[0xd2][0x9d]n[0xa6]Y{[0xd1][0xb8][0x9c][0x4][0x9d][0x97]w[0xbe][0xc5][0x7]`[0xdd][0x89]d4[0xe]+J(Mb[0x9][0xd6]}[0xd8]h[0xc2]e_[0x85]agr[0xf3],[0xcc][0xd2][0x91][0xb2][0x15][0xbc])QX[0x89][0xe8][0xca][0xa3]G[0x11]kh[0xe6][0xd6]+[0x8e][0x3][0xc8][0xd6]+[0xeb][0xf3][0xe1][0xd1][0xd9]y[0xa7]D[0x94][0xa0][0x18]r[0x88][0x7]L[0xbd][0xaa][0xf0]"I[0xf5]&P[0xfe]pv[0xb4]wp[0xb1]s[0xbe][0x7]$[0xd9][0x87][0x90]I[0x99][0x1c][0xdb][0xd7][0x18][0xe3][0xff][0xc6][0x18][0xc][0xef]Du[0xff] D[0x16][0xe9]!] ]]>&#x7f;<![CDATA[K[0xb2],\][0xf2][0xca][0x8d][0xc4][0xf7] t[0xa0][0xbd][0x3][0xff][0xff]|[0x17][0xaa]>[0xaf]![0xb2][0x9f][0x91][0xf4]-[0xc9][0x86]"[0xf4]X[0xf4][0xc4][0xb9]<[0xaf]*[0x1f][0xbd][0x8c][0xc7][0x98]"U[0x9e][0xed]t[0x8e][0xde][0xbf]>[0x97][0x8d]9[0x3][0xbb][0xd8][0x1a][0xb8][0xb7][0x13][0xfd]|[0x8d]}]]>&#x7f;<![CDATA[[0xf0][0xb]T[0xc8][0xa2][0x8d][0xb2][0xc9][0xc7]M[0xa8][\n]"
10:44:05.410 [Test worker] DEBUG org.apache.http.wire - http-outgoing-0 << "[0x9f]Q[0xf1][0x93][0x8d][0xbf][0xe2][0x19][0x1b]7[0x1d][0xbf][0x5][0x8b]l[0x88]R6HZ[0xfc][0xd6]2[0xa4][0x8a][0xe4][0xde]1[0xb4][0xc1][0xe4][*[0xd4][0xa7]r[0xe6][0xf3][0xdf]B [0xfc][0xa2][0x92][0xc0][0x85][0xbf]IL[0xb1][0x1][0xa5][0xad]Q[0x18][0x81][0xf][0xc2][0x8][0xbc]][0x0][0xee][0xb2][0x8d][0xc3]<E[0xb][0x93][0xf0][0x96][0x14]na[0x12][0x1e][0x8d][0xc6][0xa0][0x18][0xa8][0xfe][0xc1][0x87]b&[0x96]w{2[0xe7]8[0x81]p[0xad][0xba][0x3][0x89][0x9][0x18]9#[0xcd][0xb9][0xa4][0xb7][0xe0]#[0xc1][0xc2][0x95]%c[0xcc][0xac][0xbc][0x13]4[0x9f][0xd5][0x98][0x9b]\[0x9a][0xc5][0x18][0xbf]0[0xc4][0x18][0xdf][0xb9]Lo[0xd5][0xec][0xe][0xb6][0x8b][0x1f][0xa8][0x83]x[0x16][0x8d][0xb3][0xbb]g[0x97][0xb0]L[0x8b]5[0xbf][0xb5][0xaa]Z[0xaa]>;[0xbe][0x8c][0x83][0xdd][0xec][0xcc][0xaa];[0xdf][0xfa][0x8f][dW[0xa0]e[0x92]%[0xc4][0xcd][0x1a][0xed][[0x1a][0x4]j[0x8a][0xd4][0xd5][0x82][0xa5]g[0xbb][0xd5]\<[0xe1]5[0xfc]b[0xe6]Z}[0xf1][0x84]7[0xf0]C[0xb9][0x1b][0xd5][0xc5][0x13][0xae]U[0xf1][0xdb]w[0xf0][0xf7][0x16][0xa4][0x93]L[0xae]Ds+f[0x9c][0xe6][0xb9][0x93]mlE[0xe6]q[0x8a][0xb9][0xf5][0xda][0x96]c[0x17]]]>&#x7f;<![CDATA[[0x9]![0xe0][0xcf]J"[0x17][0x8a][0xa9][0xc5].[0x3]T[0x18][0x87][0xff][0xac][0xe1][0x17][0x80][0xb0]r[0xc1][0xc9][0xde]a[0xb2][0x82][0xb1]X[0xb0][0x8d]V[0xb7]$$4@[0x2][0x90][0x18][0xe1]#z[0xc][0xa0][0xc2][0x18][0x1e][0xc6][0xc1][0xde][0x9][0x8b][0xad]s[0x8f]?e[0x95]I[0x8f]/[0xef][0xd3][0x9a]]]>&#x7f;<![CDATA[ZJ[0xcc][0xa1].1[0xf5]X[0xe2][0xd5][0xc6][0xd9][0x8c])[0x8d][0xc5]B[0xf1][\r][0x8d]m [0xff])[0xf0]P[0xff]Q[0xd0]}1[0x82]N[0xf4][0x18][0xc8][0x97]e[0xc3][0xc3]Y[0xe9]p[0xd5]'A[0x10][0xe0]G4<A[0xfb]E[0xef][0xcc][0xe6]H[0x9f][0xa8]aO[0x2][0xfb] c[0xda][0xe4][0xf4][0xcb][0x5][0xd1][\n]"
10:44:05.410 [Test worker] DEBUG org.apache.http.wire - http-outgoing-0 << "{[0xdc][0xc2]=[0xb0]<g[0xda][0x19]NF]+[0xe3][0xa8][0x19][0xb0][0xc7]4X[0x96]\[0xd8][0xf4][0xed][0xb8][0xae][0xdd]3[0x98]_[0xc4][0x8d]+"[0x8e][0xf5]&o[0xcf]?[0xe0];[0xb6][0x94]mx7[0xc9]|D[0xf8][0x1]6[0xf9][\n]"
10:44:05.410 [Test worker] DEBUG org.apache.http.wire - http-outgoing-0 << "$[0xaf]_[0xa2]WH)[0x9c][0xe5]Q[0xa4]H[0xc2]7[0xfe][0xe2][0x6][0xc8],[0xf1]#[0xab]?[0xf3][0x8d][0xc6][0x94][0xec]([0x8c][0x1d][0xb][0x8d]4nS'z[0x1e]1e[0xf][0x15][0x1c][0xb3][0x8d][0x14][\n]"
10:44:05.410 [Test worker] DEBUG org.apache.http.wire - http-outgoing-0 << "j[0x9a][0xeb]$[0xa5][0xc4][0xf3][0x93]*[0xc1][0xd6][0xb0][0xdc][0xe5]Q[0x7]eW[0x89][0xfc]-7[0xab]Uq|x[0xda][0xc7][\n]"
10:44:05.410 [Test worker] DEBUG org.apache.http.wire - http-outgoing-0 << "[0xa3][0xc9]]]>&#x7f;<![CDATA[[0xe1][0xe1][0x99]K[0xd4]@b[0x82][0xe4][0xf2][0x93][0xe1]'*[0xc4][0x9f][0x9a][0x0][0xff][0xf5][0xea]1;[0xdb][0x9e][0xcb]6[0x8b]k[0xab][0xf5][0xc6]jm[0xb5]U[0xaf][0xf8][0xbc][0xb8][0xcc][0x8][0xee];[0xb6][0xe5][0xed][0xe0][0x81][0xb][0xec]28}At[0xe9][0x85]8{[0x1]O`[0xa9][0x9c]h[0xd3][0xca][0x88][0xea][0x86]v[0xb1][0xd6]j[0xb5][0xda][0x1b][0x1b][0x17][0xc7][0xca][0xc9]*[0xc9].[0xf8]h[0x8a][0xf7][0xfb][0xcc][0xe6][0xca][0xd1][0xfb][0x9]c3)[0xcc])[0xe][0xf6][0xc0][0x94]>[0x1b][0xa0][0xb7]lg[0x97][0x9d][\n]"
10:44:05.411 [Test worker] DEBUG org.apache.http.wire - http-outgoing-0 << "[0x12][0xfa][0xc2]&[0xbb]_[0xab]7k[0xeb][0x8d]x[0xb7]n[0x94][0x90][0xa6][0xeb][0x1d][0xbb][0xe3][0xd8][0xa6]I[0xa7][0x9e][0xd6][0xdd][0xb5]a[0xe7][0x1a][;+[0x8][0xba]b[0xb6][0x0]y}v[0xb4]O>[0x1d][0x1d][0xfc][0x12]QJ[0x1f]][0xea][0x9c]O[0xba]n[0xcf]1[0xba]T?u[0xde][0xdb]^[0xf8][0x1d][0x88][0xd4]l~[0xae][0xc7][0x8][0xaa][0x1e][0xf5][0xd9][0xb]*[0x13][0xc8]K[0xc][0x97]X[0xb6]G@[0xa3][0xe][0xa8]N[0xc]k[0x85][0xc0]2[0x89]_L[0xf0][0x86][0xf0][0xc8][0x1e]S[0xb]4[0x18]/[0xb6]]]>&#x7f;<![CDATA[[0xf4][0x89][0xf0][0x93]>[0xf0][0xa0][0x13][0xf8][0x85]J@[0x13][0xeb][0x8].r}[0xe3][0x86][0x11][0xe6]G[0x95][0xe0][0xfb]T[0xe4]zh[0xf4][0x86]X[0x89]CG[0xf6][0x15][0xd4][0xc0](a[0xc][0x96]CA[0x11][0xf6][0xe0]Nw[0xca][\n]"
10:44:05.411 [Test worker] DEBUG org.apache.http.wire - http-outgoing-0 << "A[0xfb][0xf1]}[0xf5]G[0xfc]4[0x88]G)r[0xf5][0x1d][0xf5][0xc8][0x3].![0xbb][0xac][0xbe][0x8e]=fk[0x9]W[0xc2]P[0xc3][0xe][0x16][0x13][0xc2]`f .qaU[0xcd]s[0xc5][0xe5][0xe9]+"[0x8b][0xeb][0xbe][0x9d]N[0xe7][0xe0]=[0x86][0x1f][0xfc][0xf8][0xe3][0x8f][0xd9][0x1a]4[0xa9][0x5]I[0x1a][0xb4][0xa3][\n]"
10:44:05.411 [Test worker] DEBUG org.apache.http.wire - http-outgoing-0 << "[0x1f][0xe9][0xc0]%LlC[0xa7]Dh[0x87]3:a[0xaf][0xf1][0x9d]v[0xbf][0x80][0xb5][0xea]V[0x12]:[0xbe][0x14]O?[0xe1][0xab][0x12]Q[0xb5]o[0xf4]p[0xf9][0xb2]t[0xc1]yL[0xb0][0x80][0x9a][0x92][0xd6][0xa2]H[0x8a]VA;Z[0x97][0xc8][0x1f]J[0xdf][0xf6][0xf0]`[0x89][0x99][0xbe][0x16][0xb1]*[0xfc][0xe2]B[0xce][0xce]|5[0x93][0xd8][0xf6][0xcd]Q[0x1a][0x13][0x8e][0xb0]q[0x88]]]>&#x7f;<![CDATA[[0xd8][0xc5]~[0xb4][0xc][0xdf]&[0xfc]]]>&#x7f;<![CDATA[[0xff][0xb7][0xb6][0xba][0xd6]z[0xa5]u[0xbb]0[0x5][0xc][0x8f][0x1d][0x90][0x83]=][0x1][0xbd][0x8][0xf7][0xb6]CO&[0xac]`[0xc8]pTir[0xba][0x98])8[0xd2][0xf]i`t[0x11]{[0xf3][0x88]W9[0xcb][0xd0][0x9][0xd5][0xdc][0x89][0x3]{[0xd8][0xff][0xf7]]]>&#x7f;<![CDATA[[0x9b][0xab][0x8d]u^g[0xb8][0x9d][0xc9][0xbc][0xc5][0xe6][0xbb]4@G8[0xda]([0x81][Q[0xa1]_[0xef][0xe5] [0xca]1c[0x94]q[0x9d][[0xde]B[0xd1][0xe7]J[0xb9][0xc9][0xe6][0xcc]F[0x92]g[0xf0]![0xa2][0xd2][0xa5][0xb8][0x5](%)6[0xe9][0x8e]B+[0xa4][0x8f][0xfa][0x86]C[0xd9]!RL[0xbd][0xa2]J[0xed]j[0x3][0xf6]1[0x16][0x82][0x9f][0x9][0x17][0xf3][0x16]?[0xec][0x1c]9x#[0xca][0x9d][0xdc][0xf]rT[0x10]f[\n]"
10:44:05.411 [Test worker] DEBUG org.apache.http.wire - http-outgoing-0 << "T[0x89][0xf7][0xe5][0x84]Y$n[0xae][0xd6][0x11][0x80][0xe6]c[0xdb][0x15]qe[0x89]<$[0xf1][0xce][0x9a][0xc8]D[0x96][0xc][0xb1]I[0x8c]<[0xc][0xa0]W[0xf2][0x14][0x15][0xc8][0xbc][0x2][0xd9][0xe7]*[0x16] [0xeb]a[0xe0]=([0x1c][0xfd]7[0x85][0x18]3-p[0x9b][0x15]B)#[0x1e][0x8][0xb6][\r][0xcb][0xc5][0xdb][0xf9][0xbb][0x8f][0x17]G[0xfb]>[0x1d]a[0xbe][0xe5]+[0x8b][0xdf][0xb1][0xef][0xc0][0xfd][0x0][0xac][0x8c]m[0x91]:[0x92]S[0xe0]S [0x96][0xc6][0x8c]$![0x9]3r[0xa1][0x17][0xca][0xc5][0xe6][0x95]#[0x85][0xf2](">d[0xea][0xa5][0xed][0xff][0x89][0x1b]q![0xfe][0x8f][0xb9][0xbf]Xp[0xc7][0xf9][0x91][0x4]J$t[0xb4][0x91][0xa4]'[0xda][0xc0][0xe]+".[0x6]][0x95][0x1a]A[0xf7][0xfa]#T[0xa1]"[0xde]ZH[0xfc][0xb6]z[0xea][0xf8]a{Vu[0x0][0xf1][0x89][0x10]gW[0xf3][0xd3]ur[0x90][0x95][[0xb9][0x8][0xd5][0xba][0xd2][0x8b][0x9c][0x1e][0xd7][0x1a][0x19][0xd4]>[0x9e][0x1d][0xfb]tn[0xa7][0x1a][0xa2][0xd1]u#w[0xb0][0x95]u[0xbe][0x11][0xbb]s[0xe9]L[0xc7][0x9e][0xbd][0xb5]o[0xd0][0x9b]w'[0x9f][0xda][0x9f][0xde][0xf7]=o[0xb4][0xd1][0xee][0x1a][0xfa][0xde][0xdb]_6>]]]>&#x7f;<![CDATA[[0x1a]O'[0xbf][0x1a]W[0x83]w[0xad]3m|[0xe0]<[0xa9][0x1f][0xd6][0xbc][0xd3][0xdf]F[0xc3][0xe6][0xe9][0xde]e[0xad][0xba][0xf3][0xe9]]kO[0xdb]m[0xfc]f[0xb4][0xf][0xf][0xf7]?7[0xfe][0xf7][0xee]z[0xfd][0xb8][0xea]4[0x9c][0x9d][0xce][0xa4][0xfd][0xb1]g[0xff]o[0xf7][0xb7][0xf6][0xe7][0xfd][0xee][0x93][0xfa][0xee][0xf4]5[0xfc][0xf9]L[0xcf][0xde]:_[0xde][0xb9][0x1e][0xfc]n[0xe][0xae][0x9b][0xf6][0x9e][0x9][0xbf]z]]>&#x7f;<![CDATA[5v[0xa7]Z[0xfd][0xea]D[0xb3][0xfe][0xfa][0xdc]k6_[0xbf]i7[0xe9][0x9f][0x1b]t[0xf2][0xba][0xdf][0xef][[0x87][0xda][0xd0][0xbe][0xf2][0xe8][0xd1][0xfe][0xa1]6[0xb0]F[0xfd]f[0xc3][0xfa][0xf5][0xd3]M{[0xf4][0xe7][0xe5][0xc7][0x8f]O[0x1a][0xfb][0xac][\r][0xba]~I[0xa7][([0xb8]'[0x8d][0x9d][0x1][0xd4]v[0xe8][0xab]I[0xf8][0x9d][0xb8]/[0xcd]7Q[0x11]=[0x8a][0x9b][0xa4]ic[0xe][0xf][0x15][0xd3]B[0xa3]#gA[0xcd][0xec]ML[0xe8][0xca][0xb0]O*[0xa7][0x86][0x95][0xa5]a[0x85][0xf9][0xe8][0xaa]\[0x97]k+[0xe5][0xfa]J[0xb9][0x91][0x8f][0xcc]d[0x8c][0xa7]{[0xa3][0x91];/[0x3]#[0xea]([0xb5][0xfe][0xe7]?[0xff]Qg[0x83][0xf8][0xf1]([0xbd][0x1][0xe6][0xce][0x17]-[0x88]D[0xef]k[0xa6]K[0x3]"[0xfe]T[0x8a][0x99][0xa4]!|[0x16][0x8f][0xfa][0xe4][0xfa],[0x82][0xe2][0xf2]z[0xd8][0x8a]"
10:44:05.413 [Test worker] DEBUG org.apache.http.wire - http-outgoing-0 << ")[0xaa]`[0xbf][0x85]v[0xe1][0x1e]p[0xd0]e[0x12][0xa5][\r]b[0xa3][0xe3]l[0x87]@}[0xa8][0x16][0x8b]5[0x19][0xc1][0x88];[0xb2]Df[0xb1][0xb5]%[0x91][0xdb][0xbe]*D[0xfd][0x98][0xf0],[0xa2][0x9f][0x94][0xea]R![0xc9][0xa4][0x14][0x1f]O[0x95][0x96][0x12][0xe0]?[0x11][0xc9]qF1[0x14][0xd5]E4+[0xbc]s[0x13][0xba]q[0xc7][0xc4]o[0x80][0xe9]"7lgD[0x81]M[0xc2][0xba]5[0x4][0xdc][0xe5]$[0x9f][0x8b][0xf5]$[0xc8] [0x9a]-[0xd8][0xbd]'[0xee]X[0xa3][0xdb][0xfc][0xdc][[0xdb][0xbb][0xe4][\n]"
10:44:05.413 [Test worker] DEBUG org.apache.http.wire - http-outgoing-0 << "^<KX[0xec]r[0xb4]/[0xfe][0xe9][0xec]][0xc5][0xd2][0xf]?[0x8c][0x8d]d[0x1][0xd6]}[0xe8][0xf7][0x8c][0xba][0x1e][0xec]A[0x98][0xff]'[0xa9]'[0x93]p[0xe2][0xc7][0x19]hu[0xfa]1[0xf2]2[0xe5][0xc9]Q[0xa0][0xe2][0x5]*N[0xf2][0xc][0x15][0xb2]\T[0xdc][0xf4][0xdf][0x16]/[0xd7][0xef][0xc][0x86]+[0xef][0x9e][0x93][0xfa]w[0x83][0x85][0x7][0x10]x[0xb3][0xda], p[0x6][0x81]W[0xd7]6[\n]"
10:44:05.414 [Test worker] DEBUG org.apache.http.wire - http-outgoing-0 << "[0x8][0xbc][0x80][0xc0][0xc3][0xa9][0x80][0xc0]g[0xd2]r p6;[0xf3][0xd5]Lb[0xdb]7GiL[0x8f][0xbf]7[0x8]|[0xdd][0xe7]&[0xdc][0xce][0x2][0x2][0xcf]J[0xff]L[0x8][0x1c]'[0xcc][0xb2]!p[0xc6]C[0x1][0x81][0xdf]#[0x4][0xe][0xe6][[0xbe][0xb2][0xdf][0x2][0x2][0xf7][0x99][0x91]$B[0xd0]Q>[0x8][0xbc][0xba][0xb6][0xbe]P[0x8][0x1c][0xe9]-[0x1f][0x2][0xc7][0x89][0xb0]x[0x8][0x1c][0xdb]V@[0xe0][0x5][0x4]^@[0xe0][0x5][0x4][0x9e][0x3][0x2]g[0xaa]0[0x1][0x2]gj7[0xac][0x9f][0x94][0xea][\n]"
10:44:05.414 [Test worker] DEBUG org.apache.http.wire - http-outgoing-0 << "[0x8]<%[0xe5][0x81][0x88][0x9][0xf9][0xf7]B[0xe0]bK[0xa0][0xc][0xd9][0xae][0xa6]G[0xe2][0xef]g?[0xfd][0x9e]F[0xf1].w[0x19][0x10]-[0x19][0x81][0xbf]^oh[0x98]:[0x83][0xff][0x92][0x9b][0x98][0xde][0xf8][0xb9] [0xca][0x1][0xf5][0xca][0xb0][0xbf][0xd7][0xdc][0x8a]N[0xf1][0x3]C[0xce][0xb4][0xac]Yzy0[0x81][0x9b][0xf8][0x81]T[0xea][0xe]-[0xd0]$[0xd9][0xa0][0xe4]m[0x9e][0xa4]A[0x8e][0xb7][0xc7][0x16][\r]X]]>&#x7f;<![CDATA[[0xdc][\n]"
10:44:05.414 [Test worker] DEBUG org.apache.http.wire - http-outgoing-0 << "(>[0x3][0x14][0xea][0x5][0x1e]h[0x17][0xba][0xb8][0xa8][0xeb][0x1a]X[0x14][0x1][0xc4][0xd8][0xe1][0xf][0xd9][0xd1]w[0xa4]N[0xf0]i6[0xea]x[0x9b][0xe6]bB[0x94]2=W[0xd2][0xa8][0x8f][0xf5][0x8b][0xa8]J[0x11][0xc6][0xac]]]>&#x7f;<![CDATA['Y[0xd9][0x15]^[0x9f][0xc2][0xeb]Sx}XZ[0xa6][0xd7][0xc7][0x9]N[0xe1].[0xd7][0xeb][0xad];z}[0x94]3[0xbd][0x9]R[0xcb]O[0xe5]ax}[0xda][0x8d]v[0xe1][0xf5][0xe1]/>4[0xd7][\n]"
10:44:05.415 [Test worker] DEBUG org.apache.http.wire - http-outgoing-0 << "[0xaf]O[0xe1][0xf5][0x9][0xa7][0xc2][0xeb]3[0x93][0x96][0xe3][0xf5]a[0xb3]3_[0xcd]$[0xb6]}s[0x94][0xc6][0xf4][0xf8]{[0xf3][0xfa][0xac][0xad][0xae][0x15]/>()g6[0x92]<[0x83][0xbf]o[0xaf][0xf]N[0x98]e{}[0x18][0xf][0x85][0xd7][0xe7][0x1e][0xbd]>`[0xbe][0xe5]+[0xfb]-[0xbc]>>3[0x92]D[0x8]-[0xcd][0xe7][0xf5][0xa9]5[0xdb][0xb][0xf5][0xfa] [0xbd][0xe5]{}p",[0xde][0xeb][0x83]m+[0xbc]>[0x85][0xd7][0xa7][0xf0][0xfa][0x14]^[0x9f][0x1c]^[0x1f][0xa6][\n]"
10:44:05.415 [Test worker] DEBUG org.apache.http.wire - http-outgoing-0 << "[0x93]^|@[0xb5][0x1b][0xd6]OJu[0x85][0xd7]'%[0xe5][0xf1][0x8a][0x10]Rx}[\n]"
10:44:05.415 [Test worker] DEBUG org.apache.http.wire - http-outgoing-0 << "[0xaf]O[0xe1][0xf5])[0xbc]>[0xd1][0x7][0x91]{[0x85][0xd7][0x87][0x97]+[0xbc]><[0x15]^[0x9f]l[0x95][0x9a][0xcb][0xeb][0xd3]U>[0x2]Z.[0xbb][0xd7][0x14][0xf4]p[0xad]u[0xf7]w~[0x2][0xaa]+[0xe4][0x1c][0xa9][0x12][0xa4][0x9a][0x9f][0xda]B[0xbc]@[0x7]7[0x1e][0xa2][0xf9][0xfa]9[0x1e][0x5]/&[0x8c][0xa2][0xa9][0x85][0xd3]G@[0x1b][0xd2][0x17]t[0xc4][0xef]6[0xea][0x95]*K[0xb5][0xf5][0xe6]z;zU[0xf8][0x86][0xd0]7[0xd4][0xae][0xb6][0xb][0xdf][0xd0][0xf][0x85]o([0x9c][\n]"
10:44:05.415 [Test worker] DEBUG org.apache.http.wire - http-outgoing-0 << "[0xdf][0xd0]LZ[0x8a]o[0x88][0xcf][0xce]|5[0x93][0xd8][0xf6][0xcd]Q[0x1a][0xd3][0xe3]<[0xbe][0xa1]V[0xf5][0xe1][0xf8][0x86]j[0xd5][0xd5]j[0xb5]p[0xe][0x5])g6[0x92]<[0x85][0xbf]k[0xe7][0x10][0x9b]1Kv[0xe]q[0x1e][\n]"
10:44:05.415 [Test worker] DEBUG org.apache.http.wire - http-outgoing-0 << "[0xe7][0xd0][0xbd]9[0x87][0xd6][0xea]k[0xad][0x9c][0x10][0xec][0xfd];[0x87][0x14]f$[0x89][0x10][0xa8][0x9a][0xcb]9[0x4]Cf[0xa1][0xce]!Fo[0xe9][0xce]!6[0x11][0x16][0xee][0x1c]bm+[0x9c]C[0x85]s[0xa8]p[0xe][0x15][0xce][0xa1]l[0xe7][0x10]W[0x85][0xf1][0xce]![0xae]v[0xc3][0xfa]I[0xa9][0xae]p[0xe][0xa5][0xa4]<[0xce][0x13]B[0xfe][0xbd][0xce]!5[0x15]H[0xf9]?[0x17])[0x17][?E5[0xf5][0xec]+[0xea][0xe0][0xe7]I`[0xf9][0x1b][0xe0]g[0x82]d/[0xdf][0x2]T[0xf]I[0x89][0xe3]F[0xa8][0xca][0x86][0x9a][0xbb][0xe7][0xd8][0xae][0x8b][0xdf]\dN[0xee]j[0xad][0x14][0x81][0xdb][0xd5],[0x88][0xbd][0x87])m[0xc7][0xf5]ZrW[0xcf][0x9][0xb9]cz[0x14]Sf.[0xdc]][0xa6][0xec][0x1c]2[0xe5]G[0xe1]e[0xba][0xf]4>8y[0xeb]v[0x9f][0xa1][0x90])[0xe9][0x4][0xae][0xf9][0xbe]F![0xd3][0xd2][0xd1][0xf8][0xb5][0xa6][0x8f][0xbf]7Z[0xf5][0xe8][0xd5]-[0xd1]x[0x99][0xf2][0xa1][0xf2]2[0xe5]B[0xe7][0x83][0x94][0x9e]3[0xcf]:[0x91]6[0xb3]2[0x8a]/[0xee]I[0xc2]2[0x97][0x1][0xf1][0xa7]p[0x9e][0x9][0xcc][0x17][0xf8][0xfd][0x92][0xf0]{L[0xd9][0x18]>[0xa6]<-I[0x1b][0x4][0xf7][0x8d][0xe5]cJ[0xb5]H[0xd5]=[0x8a]LL2[0xe9]h?Bq[0xfe]G[0x5][0x13][0x8c][0xa5]|[0xee][0x2][0x92]h[0x0][0xc5][0xfa][0x2][0xa2][0xc8][0xff][0x8c]o`[0xf6][0xfd][0x10]X[0xdb]c[0x97][0xeb][0xa4]z[0x4][0xec][0x9f]j`=[0xce][0x6][0xfa][0x1b][0xab][0xf5][0x7][0xf4][0x12][0xc8][0xfa]j[0xad][0xf1][0xd0]p[0xfe][0xe4][0x1e]IE[0xf6]S[\n]"
10:44:05.416 [Test worker] DEBUG org.apache.http.wire - http-outgoing-0 << "[0xe6]0[0x8b]1eA[0xf7]9[0xd2][0xa3][0x9c]Ua[0x9a]#[0xeb]C[0xf1][0x3][0xb0]Y[0xb3]d?[0x0][0xe7][0xa1][0xf0][0x3][0xdc][0x9b][0x1f][0xa0][0xd5]jnT[0xf3][0x95][0xbd]]]>&#x7f;<![CDATA[?[0x80][0xc2][0x8c]$[0xa1][0xae]M[0xf9][0xfc][0x0]0d[0xaa][0x8b][0xf4][0x3]0zK[0xf7][0x3][0xb0][0x89][0xb0]p?[0x0]k[[0xe1][0x7]([0xfc][0x0][0x85][0x1f][0xa0][0xf0][0x3]d[0xfb][0x1][0xb8]*LzI[0x4][0xd5]nX?)[0xd5][0x85][0xfc][0x0][0xb9]L!Ydvo[0x12]M[0xb7]G[0x6][0xf2][0x0][0xe6][0xcb]C[0xd6][0x13]V[0x8e]L[0xb9]d[0xb4]WX[0xd6][0xb1][0x15][0xc4][0xa2][0xec][0x8f][0xe2][0xfd]1i {^`e[0x8e]0K[0xbe][0x89][0xcb][0x19][0xf0]3S[0xbf][0xf][0xfb]"[0xc0][0xc1]q[\r]4A[0xdc][0x18][0x1b]S}[0xcc]M[0xcc]`[0xe6].[0x9] [0xcf][0xc2][0xf1][0x93][0xe8][0x84][0x9d]4[0x91][0x94][0x2]f[0xa1][0xa0]\[0xb0][0xf7][0x98]);u[0xbd][0x8b][0xf3][0x83][0xe3][0xe3][0x8b][0xce]o[0x1f][0xe].[0xd6][0xaa][0xeb][0x1b]x@[0xa0][0x90][0x17][0xe6][0xda][0x13][0xb9]:[0x1a]l[0x9a]]]>&#x7f;<![CDATA[-c[0xde][0xb4][0x89][0x17][0xc2][0xf9]%[0xbc][0x9e][0x8a][0x92][0xc5][0x15][0xe8][0xe0]f4[0xb][0xfb]V[0xe5][0x6]+[0x1c][0xb5][0xbc]l[0xff][0xe][0xa2][0xbc][0x9]*[\n]"
10:44:05.416 [Test worker] DEBUG org.apache.http.wire - http-outgoing-0 << "[0xb1][0xdf]g[0xb3][0xc0][0xef][0xed]_[0x8e][0x19][0xa9][0xfd]v[0xa1])[0x3][0xa0]bN[0xac][0xde][0xb0]k[0xdf]\[0xf4][0xb5]+{[0xe2] Z|[0x81][0xbe][0x9f][0x8b]z[0xb5]~[0xd3][0xa8][0xaf][0xe][0x8c][0xfe][0xb3][0x4]6[0x11][0x0]~v[0xcf]up[0x8]p[0xab]T[0x8d][0xba]E0Ub[0xe5][0x8a]}A-}3[0xb1]+[0xa2]%[0xfc][0x92]YZ|.%Re#8[0xe5][0x1b][0xe]qd[0xfd]a'xO[0x5][0x87][0xe6]@[0xcd]R[0x97][0xb7][0x18]:[0xc2][0xd5][0x1c][0xec]|[0xe7]([0x9b]][0x8][0xd3][0xe3]lT[0xab][0xfe][0xa0][0xc2]W[0x3]n[0xee][0x84]jQ[0xad]7[0xcc][0x89]hQ-[0x15][0xd1]J[0xef][0x97][0xcc][0xd5];G[0x8e]t[0xe8]*[0x83][0x85]L[0xe][0x1f][0x4][0xfc][0xc4]'[0xa9]os.[0x1d][0x85][0xaa][\n]"
10:44:05.416 [Test worker] DEBUG org.apache.http.wire - http-outgoing-0 << "[0x8e][\n]"
10:44:05.416 [Test worker] DEBUG org.apache.http.wire - http-outgoing-0 << "0[0xea][0xde][0xc0][0xa8]Z[0xbd][0xb5][0xb6][0xd6]j7Z[0xf9]J[0xcf][0xc0]Q[0xdc][0xf2]X0([0x15]aJ[0x12]Q'Q[0x1e]XJXM[0xb][0x83][0xa5][0xa4][0x15][0xb6]\XJL[0x89][0x5][0xc3]R[0xa2]m[0x5],U[0xc0]R[0x5],U[0xc0]RY[0xb0][0x94]T[0x85]q[0xb0][0x94]T[0xbb]9a[0xa9][[0xda]d[0xf1][0x98][0xc4][0xe3]|[0x1b][0x4]]]>&#x7f;<![CDATA[g![0x83][0xc1][0xd2][0x8d][0xb3]as[0xa6] [[0x8c]cTp\[\n]"
10:44:05.416 [Test worker] DEBUG org.apache.http.wire - http-outgoing-0 << "[0xd9][0xb7]b[0xa9][0xda][0xee]8S[0x1e][\r]"[0xe3][0xde][0xae][\r]oH[0x84][0x8d][0x9b][0xc1][0x10]#:O[0x4][0x98][0x12][0xe7]UkVGf[0xf9][0xd2]4[0xc6]e[0xd3][0xee]][0x96]Q[0xa7][0xc2]l+[0xc3][0xb6][0xb5]\.7[0xc6][0x97]<[0xf0]+[0xf][0xb][0x98][0xd4]`[0xaf]w@[0x94][0x1c][0x3]Qr[0xce][0x89][0x92]s|[0xf9][0x1a]+$7[0x8d][0x9c][0x4][0xe7];[0x10][0xe3].[0x81]][0xeb][0xd5]J[0xab][0xda]jVk[0xcd][0xfa]Z[0xa3][0x15][0xbd][0xba]8[0x9f][0x9][0xec][0xca][0xe4][0x9f]Gs[0xa5][0x8f][0xa5][0xca][0xb0][0x99][0x95]'m[0x10][0xcb]91[0xff][0xc3][0xb9][0x81][0xc3][0xa4][0x19][0x96]|[0x85])=[0xd2]7[0x13]3[0x9b];[0xd4]TJ[0xeb][0xd1][0xa3]P[0xf3][0x8b][0x80][0xe3][0x7][0x17]p<w[0xd7]&[0xa3][0xd6][0xc5][0xd1][0x1c]j[0x9a]k)[0x98];[0x18][0xb8][0xec][0xda]e[0xdb][0x19]h[0x96][0xd1][[0xc8][0xf1][0x1c]>[0xe5][0x15]r~JN9[0xe5]e[0x1c][0xd1][0x91][0x17]/[0x1e]'~[0x9e][0xb7]U[0x1c][0xc6]!>[0xcf][0xbb]^[0x1c][0xc6][0xf1]C[0x11][0xcc][0x1b]N[0xd9][0x81][0xbc]yZ[0x90][0xa4]F[0xef];[0x80]7[0xd9],Js4<[0xc4][0xc3]8[0xf8][0xec][0xcc]W3[0x89]m[0xdf][0x1c][0xa5]1=[0xce][0xe3][0xcd][0xa8]> oF[0xad][0xb1][0xda]xpA[0xba]$_[0xca][0xe9][0x9b]g)7[0xd9][0x9c][0xd9]H[0xf2][0x14][0xfe][0xae][0xf][0xe3]`3f[0xd9][0xee][0xf][0xc6]C[0xe1][0xf7][0xb8]'[0xbf][0x87][0xb0][0xdf][0xf2][0x95][0xfd]&A[0xb8][0x92][0x19]IB[0x12]f[0xe4]rx;[0xd8][0x90]Y[0xe8]a[0x1c][0x8c][0xde][0x92][0xbd][0x1d]b",[0xd8][0xdb]![0xda]Vx;[\n]"
10:44:05.446 [Test worker] DEBUG org.apache.http.wire - http-outgoing-0 << "oG[0xe1][0xed]([0xbc][0x1d]Y[0xde][0xe][0xa9][\n]"
10:44:05.447 [Test worker] DEBUG org.apache.http.wire - http-outgoing-0 << "[0x13][0x82]p[0x99][0xda][\r][0xeb]'[0xa5][0xba][0x90][0xb7][0x83][0xe4]L[0xf1][0xc1][0x9f]i)[0x1][0x4],[0xe][0xe3][0xc8][0xdc][0xdb][0xde]%[0xd7]}[0x1f][0xc6]![0xb6][0x4][0xca][0x90]-Nj[0xff]W[0x9d][0xd4][0xde]H;[0xa9][0xbd]Q[0x9c][0xd4][0xae][0xde]K[0xf1]p[0x15][0xee][0xa0][0xc2][0x1d]T[0xb8][0x83]n[0xeb][0xe]R[0xbf][0xcf][[0xf6]@[0xef][0xd3][0xb2]7[0xa4]e[0xdd][0xe8][0xf7][0xa9]C[0xad][0x1e]][0x80]cH[0xf9]j[0xef][\n]"
10:44:05.449 [Test worker] DEBUG org.apache.http.wire - http-outgoing-0 << "[0xe9]`[0x1d][0xc][0xf3][0xde][0xf7][0xeb]X[0x86][0x8b][0xe8].[0xe1][0x5][0xcd][0xba]rRL#zU8[0x8e][0xf8][0x9b][0x1][0xed]F[0xe1]8*[0x1c]G[0xe1]T8[0x8e]f[0xd2]r[0x1c]Glv[0xe6][0xab][0x99][0xc4][0xb6]o[0x8e][0xd2][0x98][0x1e][0xe7]q[0x1c]=[0xa4][0xd7]`j[0xed][0xd5][0xf6]Z[0xe1]8[\n]"
10:44:05.450 [Test worker] DEBUG org.apache.http.wire - http-outgoing-0 << "R[0xce]l$y[\n]"
10:44:05.451 [Test worker] DEBUG org.apache.http.wire - http-outgoing-0 << "]]>&#x7f;<![CDATA[[0xdf][0x8e]#[0x9c]1[0xcb]v[0x1c]1[0x1e][\n]"
10:44:05.452 [Test worker] DEBUG org.apache.http.wire - http-outgoing-0 << "[0xc7][0xd1]=:[0x8e][0xda][0xed][0xf5]|e[0xbf][0x85][0xe3][0xc8]gF[0x92][0x8][0x1][0xae][0xf9][0x1c]G[0xb5]v}[0xa1][0x8e]#[0xa4][0xb7]|[0xc7][0x11]N[0x84][0xc5];[0x8e][0xb0]m[0x85][0xe3][0xa8]p[0x1c][0x15][0x8e][0xa3][0xc2]q[0x94][0xc3]q[0xc4]Ta[0xd2][0xe9]-[0xa8]v[0xc3][0xfa]I[0xa9][0xae]p[0x1c][0xa5][0xa4]<[0x8e][0x15]B[\n]"
10:44:05.452 [Test worker] DEBUG org.apache.http.wire - http-outgoing-0 << "[0xc7]Q[0xe1]8[0xfa][0x97]:[0x8e][0x8a]O[0xfc][0x16][0x8e][0xa3][0xc2]qT8[0x8e][0x96][0xea]8[0xf2][0x1f]6[0xee][0xec][0x1f][0xda][0x1b][0xde][0xea]3[0x2]Kw[0x3]U}[0xc7]O[0xab][0xba]V[0x8b]^[0x15]n [0xdb][0xa9]5[0xda][0xad]f[0xca][0xd1]P[0x85][0x1b][0xa8]p[0x3]e[0xab][0xcf][0xc2][\r][0x14][0xa4][0x85][0xba][0x81][0xc4][0xec][0xcc]W3[0x89]m[0xdf][0x1c][0xa5]1=[0xfe][0xde][0xdc]@m[0xff][0x8b][0x3][0xe1]v[0x16]^[0xa0][0xac][0xf4]O[0xf4][0x2][0xf1][0x9][0xb3]\/[0x90][0xe0][0xa1][0xf0][0x2][0xdd][0x93][0x17][0xa8][0xdd][0xae]6[0xaa][0x1b][0xf][0xe4][0xf5][0xa1][0x10]3[0x92]D[0x8]=[0xcd][0xe3][0x5][0xc2]![0xb3][0xc0][0xc3][0xd2][0x4][0xbd]e{[0x81][0xf8]DX[0xb4][0x17][0x88][0xb7][0xad][0xf0][0x2][0x15]^[0xa0][0xc2][0xb]Tx[0x81]2[0xbd]@B[0x15][0xc6]z[0x81][0x84][0xda][\r][0xeb]'[0xa5][0xba][0xc2][0xb][0x94][0x92][0xf2]xI[0x8][0xf9][0xf7]z[0x81][0xd4]T@[0xe2][0x5]$^@[0xe2],-[0x13][0x12][0xef][0x9a]Z[0xef]Ry[0x99][0xc2][0x1a]L[0x17][0xf0][0xf6][0xc4][0xae]B[0x15]_[0x9f][0x0][0xaa][0xdf][0xdb][0xfb][0x12][0xad][0xb5][0xe0][\r][0x89][0xe6]z[0xf4][0xaa][0x0][0xca][0xf9]A[[0xad][0x2]([0xff][0xa1][0x0][0xca][0xc3][0xa9][0x0][0xca]g[0xd2]2[0x80]r1;[0xf3][0xd5]Lb[0xdb]7GiL[0x8f][0xb3][0x81][0xf2][0xda][0x83][0x2][0xca]kU[0xff][0xdc][0xaf]pC[0xb][0xa4]<+[0xfd][0x13][0x91]r>c[0x96][0x8b][0x94][0xb][0x1e][\n]"
10:44:05.453 [Test worker] DEBUG org.apache.http.wire - http-outgoing-0 << "[0xa4][0xfc][0x9e][0x90]r|E[0xa1]V[0xbf][0xed][0xe7]E[0x16][0x8c][0x94][0x87][0x98][0x91]$B[0x8]S[0x1e][0xa4][0x1c][0x87][0xcc]"[0x91]rNo[0xd9]H9[0x9f][0x8][0x8b]F[0xca]y[0xdb][\n]"
10:44:05.454 [Test worker] DEBUG org.apache.http.wire - http-outgoing-0 << "[0xa4][0xbc]@[0xca][0xb][0xa4][0xbc]@[0xca]3[0x91]r[0xa1][\n]"
10:44:05.455 [Test worker] DEBUG org.apache.http.wire - http-outgoing-0 << "[0x93][0xe][0xda]j[0x15]Hy[0x81][0x94][0xc7]/v9[0xda][0x17][0xff]T[0x1d]1[0xc5][0xfb][0x12][0xff][0xda][0xf7]%[0x8a][0x83][0xb6][\n]"
10:44:05.456 [Test worker] DEBUG org.apache.http.wire - http-outgoing-0 << "[0xe7][0xd0]?[0xd3]94[0xab][0xda]z6Li[0xfc]>[0x13]X|[0x3][0xaa][0x7][0x88][0xf2]-[0xfc]H!)q[0xa8][0x14]W[0xef][0xa1][0xe6][0xee][0xc9]oe[0xc1][0xd2]][0xaf]5k[0xa5][0x88][0x87]I[0xcd]B[0xa2]_4~[0xb4][0x1d][0xd7]k)Jc>/[0x13][0xa6]G1e[0xe6]r5[0xc9][0x94][0x9d]C[0xa6][0xfc][0x8e]"
10:44:05.459 [Test worker] DEBUG org.apache.http.wire - http-outgoing-0 << "'[0x99][0xe6]R[0xdb][0xb9][0x1c]P0][0xb5][0xeb][0xf4][0xd3][0xbc][0x1a][0xd5][0xdb][0xf8][0xa3]dR[0xfd]R[0xe7]Je[0x9][0xc7]z5[0xe6]z[0x9f]C[0xa6][0xa5][0xbb][0xab][0xaa][0xeb][0xbe][0x83][0x8a]}[0xdd]:|uKw[0x95]L[0xf9][0xdc]V2[0xe5]r_[0x5])k)[0xca]6[0xa4][0xd2][0xe6]aF[0xf1][0xc5]=IX[0x11]3|`)[0x9c]gz[0xae][\n]"
10:44:05.459 [Test worker] DEBUG org.apache.http.wire - http-outgoing-0 << "[0x7][0xd7][0x92][0x1c]\[0x98][0xb2][0x9d]\[0x98][0xf2][0xb4]$m[0x10][0xdc][0xb7][0xb3][0xb]S[0xea][0x96]M[0xdd][0xc4][0xcb][0xc4]$[0x93][0xee][0xe]C[0xac]:[0xf8][0xc0]}[0xbc]i[0x95][0xcf][0x9f]F[0x12][0xcd][0xa5]XgY[0xd4]56[0xe3]<[0x8b]:[0xc9][0x98]%[0x10][0xbb][0xb8]'[0xd5]#[0xfc]b[0xa9][0xe6][0xd8][0xe3]lO[0xd8][0xc3]zed[0xfd][0x1]~q&[0xb9]GR]_)[0x5]s[0x18][0xd1][0x98][0xb2]|[9[0xd2][0xa3][0x9c]Ua[0x9a]#[0xeb]Cq[0x94][0xb1]Y[0xb3]dG[0x19][0xe7][0xa1]p[0x94][0xdd][0x9b][0xa3][0xac]V[0xab]m<[0x98][0x83][0xc5][0x14]f$[0x9]um[0xca][0xe7]([0x83]!S][0xa4][0xa3][0x8c][0xd1][[0xba][0xa3][0x8c]M[0x84][0x85];[0xca]X[0xdb][\n]"
10:44:05.459 [Test worker] DEBUG org.apache.http.wire - http-outgoing-0 << "GY[0xe1](+[0x1c]e[0x85][0xa3],[0xdb]Q[0xc6]Ua[0xbc][0xa3][0x8c][0xab][0xdd][0xb0]~R[0xaa][0xb]9[0xca]r[0x99]B[0xb2][0xc8][0xec][0xde]$[0x9a]n[0x8f][0xc][0xe4][0xf1](-[0xcf][0xf5][0x94][0xb0]rd[0xca]%[0xa3][0xbd][0xc2][0xb2][0x8e][0xad] [0x16][0x93][0xf7][0xbf]r[0x1e][0xce][0x9f][0x6][0xc9][0xe7][0x5]V[0xe6][0x88]C[0xe6][0x9b][0xb8][0x9c][0x11]q3[0xf5][0xfb] 1[0x2][0x1c][0x1c][0xd7]@[0x13][0xc4][0x8d][0xb1]1[0xd5][0xc7][0xdc][0xc4][0xc]f[0xee][0x92][0xe0][0xf4],[0xd4]?[0xf3][0x13][0xf7]$&[0xa5][0x80]Y(([0x17][0xec]=f[0xca]N][0xef][0xe2][0xfc][0xe0][0xf8][0xf8][0xa2][0xf3][0xdb][0x87][0x83][0x8b][0xb5][0xea][0xfa][0xc6][0xda][0xba]//[0xcc][0xb5]'ru4[0xd8]4[0xff]Z[0xc6][0xbc]i[0x13]/[0xe4][0x15][0x90]`|*J[0x16]W[0xa0][0x83][0x9b][0xd1],[0xa4]\[0x95][0x1b][0xac]p[0xd4][0xf2][0xb2][0xbd]A[0x88][0xf2]&[0xa8]([0xc4]~[0x9f]-[0xd2]A8R[0xfb][0xed]BS[0x6]@[0xc5][0x9c]X[0xbd]a[0xd7][0xbe][0xb9][0xe8]kW[0xf6][0xc4]A[0xb4][0xf8][0x2]=E[0x17][0xf5]j[0xfd][0xa6]Q_[0x1d][0x18][0xfd]g[0x9]l"[0x0][0xfc][0xec][0x9e][0xeb][0xe0][0x10][0xe0]V[0xa9][0x1a]u[0xa2]`[0xaa][0xc4][0xca][0x15][0xfb][0x82]Z[0xfa]fbWDK[0xf8]%[0xb3][0xb4]x~%[0xd2][0xac]1[0xa8]|c-[0xe5][0x95][0x86]8[0xb2][0xfe][0xb0][0x13][0xbc][0xa7][0x82]Cs[0xa0]f[0xa9][0xcb][[0xc][0x1d][0x11][0x8b][0x11][0xec]|[0xe7]([0x9b]][0x8][0xd3][0xe3][0xef][\r][0xd5][\n]"
10:44:05.460 [Test worker] DEBUG org.apache.http.wire - http-outgoing-0 << "[0xb8][0xb9][0x13][0xaa]E[0xb5][0xde]0'[0xa2]E[0xb5]TD+[0xbd]_2W[0xef][0x1c]9[0xd2][0xa1][0xab][0xc][0x16]29|[0x10][0xf0][0x13][0x9f][0xa4][0x17]|[0xc6].[0x1b][0x85]B[0x1e][0x4]G[0x5][0x18]uo`T[0xad][0xde]Z[k[0xb5][0x1b][0xb7][0x8d][0xdb][0xe6][0x96][0xc7][0x82]A[0xa9][0x8]S[0x92][0x88]:[0x89][0xf2][0xc0]R[0xc2]jZ[0x18],%[0xad][0xb0][0xe5][0xc2]RbJ,[0x18][0x96][0x12]m+`[0xa9][0x2][0x96]*`[0xa9][0x2][0x96][0xca][0x82][0xa5][0xa4]*[0x8c][0x83][0xa5][0xa4][0xda][0xcd][0x9]K[0xdd][0xd2]&[0x8b][0xc7]$[0x1e][0xe7][0xdb] [0xf8];[0xb][0x19]:[0x96]n[0x9c][\r][0x9b]3[0x5][0xd9]b[0x1c][0xa3][0x82][0xe3]R[0xc8][0xbe][0x15]K[0xd5]v[0xc7][0x99][0xf2]h[0x10][0x19]%wmxC"l[0xdc][0xc][0x86][0x18][0xd1]y[0xe2][0xc5][0x94][0xa8][0xb0]Z[0xb3]:2[0xcb][0x97][0xa6]1.[0x9b]v[0xef][0xb2][0x8c]:[0x15]f[[0x19][0xb6][0xad][0xe5]r[0xb9]1[0xbe][0xe4][0xf1]`yX[0xc0][0xa4][0xc6][0x80][0xbd][0x3][0xa2][0xe4][0x18][0x88][0x92]sN[0x94][0x9c]S[0x8f][0xb0][\n]"
10:44:05.460 [Test worker] DEBUG org.apache.http.wire - http-outgoing-0 << "[0xc9]M#'[0xc1][0xf9][0x82][0x82][0xef][0x12][0xd8][0xb5]^[0xad][0xb4][0xaa][0xad]f[0xb5][0xd6][0xac][0xaf]5Z[0xd1][0xab][0x8b][0xf3][0x99][0xc0][0xae]L[0xfe]y4W[0xfa]X[0xaa][0xc][0x9b]Yy[0xd2][0x6][0xb1][0x9c][0x13][0xf3]?[0x9c][0x1b]8L[0x9a]a[0xc9]W[0x98][0xd2][0xe3][0x82]31[0xb3][0xb9][0x3]S[0xa5][0xb4][0x1e]=[\n]"
10:44:05.460 [Test worker] DEBUG org.apache.http.wire - http-outgoing-0 << "5[0xbf][0x8]O.[0xc2][0x93]g[0xc2][0x93]7`^[0xd7][0x8b][0xf0]d[0xf2] [0xc2][0x93][0xd9][0xc3]iy<[0xb1],Xz[0xea][0xd5][0xea][0xa0][0xdc]l[0xaf][0x83]e_[0x1e][0x97][0x9b][0xcd][0xc5]D%[0xb3][0xb3][0xe4][0xa7][0xe4][0x3][0xab][0x83][0xd4][0xbf][0xcf][0x0][0xe4]ZK[0x84][0x1c]W[0xb9]|[0xc2]WE[0x0]rBZ[0xdc][0x93][0x84][0xe5]1[0x1][0x10],[0x2][0x90][0x8b][0x0][0xe4]"[0x0]y[0xe9][0x1][0xc8]b[0xad]_F[0x0][0xf2][0xc3]:[0x8a]gm1[0xae][0x9a]"[0x0]Y[0xa4]]]>&#x7f;<![CDATA[t[0x0][0xb2][0x98]5Ku[0xfd]H[0x1e][\n]"
10:44:05.461 [Test worker] DEBUG org.apache.http.wire - http-outgoing-0 << "[0x9f][0xcf]=[0xf9]|[0xb8][0xe1][0x98][0xaf][0xe8]}[0xc7][0x1f][0xab][0xbc]H[\n]"
[...]
        var level;
        for (var i=0,il=breadCrumb.length; i<il; i++) {
            element.push(breadCrumb[i].textContent.trim());
            if (i == 0) {
                level = 'Zone';
            } else if (i == 1) {
                level = 'Department';
            } else if (i == 2) {
                level = 'Aisle';
            } else if(i == 3) {
                level = 'Shelf';
            }
        }
        var bElement = element ? element.join('::'):'';
        
    
                if (bElement.length > 0 && bElement.trim()) { 
                    digitalData.page.pageInfo.breadCrumbs = 'Groceries::' + bElement;
                }
        
    
    digitalData.page.pageInfo.lang = 'en-gb';
    digitalData.page.pageInfo.rendering = 'web';
    
    var messagesDD;
    
    
	    digitalData.user = {
	        profile : {
	            profileInfo : {
	                websphereId : '',
	                deliveryPostcode: '',
	                deliveryStoreId: '',
	                deliverySlot: '',
	                deliveryCost: '',
	                deliveryOption: '',
	                deliveryType: '',
	                shoppingmode: '',
	                isSameDay: '',
	                blueMartini:''
	            }
	        } 
	    };
    
        
})();

//]]]]><![CDATA[>
</script>

10:44:06.800 [Test worker] DEBUG com.gargoylesoftware.htmlunit.WebClient - Get page for window named '', using WebRequest[<url="http://s.thebrighttag.com/iframe?c=sp0XdVN", GET, EncodingType[name=application/x-www-form-urlencoded], [], {Accept=*/*, Referer=https://jsainsburyplc.github.io/serverside-test/site/www.sainsburys.co.uk/webapp/wcs/stores/servlet/gb/groceries/berries-cherries-currants6039.html, Accept-Encoding=gzip, deflate}, null>]
10:44:06.801 [Test worker] DEBUG com.gargoylesoftware.htmlunit.WebClient - Load response for GET http://s.thebrighttag.com/iframe?c=sp0XdVN
10:44:06.808 [Test worker] DEBUG org.apache.http.client.protocol.RequestAddCookies - CookieSpec selected: mine
10:44:06.809 [Test worker] DEBUG org.apache.http.client.protocol.RequestAuthCache - Auth cache not set in the context
10:44:06.810 [Test worker] DEBUG org.apache.http.impl.conn.PoolingHttpClientConnectionManager - Connection request: [route: {}->http://s.thebrighttag.com:80][total available: 1; route allocated: 0 of 6; total allocated: 1 of 20]
10:44:06.810 [Test worker] DEBUG org.apache.http.impl.conn.PoolingHttpClientConnectionManager - Connection leased: [id: 1][route: {}->http://s.thebrighttag.com:80][total available: 1; route allocated: 1 of 6; total allocated: 2 of 20]
10:44:06.810 [Test worker] DEBUG org.apache.http.impl.execchain.MainClientExec - Opening connection {}->http://s.thebrighttag.com:80
10:44:06.875 [Test worker] DEBUG org.apache.http.impl.conn.DefaultHttpClientConnectionOperator - Connecting to s.thebrighttag.com/54.228.243.159:80
10:44:06.965 [Test worker] DEBUG org.apache.http.impl.conn.DefaultHttpClientConnectionOperator - Connection established 192.168.1.69:59150<->54.228.243.159:80
10:44:06.966 [Test worker] DEBUG org.apache.http.impl.conn.DefaultManagedHttpClientConnection - http-outgoing-1: set socket timeout to 90000
10:44:06.966 [Test worker] DEBUG org.apache.http.impl.execchain.MainClientExec - Executing request GET /iframe?c=sp0XdVN HTTP/1.1
10:44:06.966 [Test worker] DEBUG org.apache.http.impl.execchain.MainClientExec - Target auth state: UNCHALLENGED
10:44:06.966 [Test worker] DEBUG org.apache.http.impl.execchain.MainClientExec - Proxy auth state: UNCHALLENGED
10:44:06.967 [Test worker] DEBUG org.apache.http.headers - http-outgoing-1 >> GET /iframe?c=sp0XdVN HTTP/1.1
10:44:06.967 [Test worker] DEBUG org.apache.http.headers - http-outgoing-1 >> Host: s.thebrighttag.com
10:44:06.967 [Test worker] DEBUG org.apache.http.headers - http-outgoing-1 >> Connection: Keep-Alive
10:44:06.967 [Test worker] DEBUG org.apache.http.headers - http-outgoing-1 >> Accept: */*
10:44:06.968 [Test worker] DEBUG org.apache.http.headers - http-outgoing-1 >> User-Agent: Mozilla/5.0 (Windows NT 6.1) AppleWebKit/537.36 (KHTML, like Gecko) Chrome/46.0.2490.80 Safari/537.36
10:44:06.968 [Test worker] DEBUG org.apache.http.headers - http-outgoing-1 >> Referer: https://jsainsburyplc.github.io/serverside-test/site/www.sainsburys.co.uk/webapp/wcs/stores/servlet/gb/groceries/berries-cherries-currants6039.html
10:44:06.968 [Test worker] DEBUG org.apache.http.headers - http-outgoing-1 >> Accept-Encoding: gzip, deflate
10:44:06.968 [Test worker] DEBUG org.apache.http.headers - http-outgoing-1 >> Accept-Language: en-US
10:44:06.968 [Test worker] DEBUG org.apache.http.wire - http-outgoing-1 >> "GET /iframe?c=sp0XdVN HTTP/1.1[\r][\n]"
10:44:06.968 [Test worker] DEBUG org.apache.http.wire - http-outgoing-1 >> "Host: s.thebrighttag.com[\r][\n]"
10:44:06.968 [Test worker] DEBUG org.apache.http.wire - http-outgoing-1 >> "Connection: Keep-Alive[\r][\n]"
10:44:06.969 [Test worker] DEBUG org.apache.http.wire - http-outgoing-1 >> "Accept: */*[\r][\n]"
10:44:06.969 [Test worker] DEBUG org.apache.http.wire - http-outgoing-1 >> "User-Agent: Mozilla/5.0 (Windows NT 6.1) AppleWebKit/537.36 (KHTML, like Gecko) Chrome/46.0.2490.80 Safari/537.36[\r][\n]"
10:44:06.969 [Test worker] DEBUG org.apache.http.wire - http-outgoing-1 >> "Referer: https://jsainsburyplc.github.io/serverside-test/site/www.sainsburys.co.uk/webapp/wcs/stores/servlet/gb/groceries/berries-cherries-currants6039.html[\r][\n]"
10:44:06.969 [Test worker] DEBUG org.apache.http.wire - http-outgoing-1 >> "Accept-Encoding: gzip, deflate[\r][\n]"
10:44:06.969 [Test worker] DEBUG org.apache.http.wire - http-outgoing-1 >> "Accept-Language: en-US[\r][\n]"
10:44:06.969 [Test worker] DEBUG org.apache.http.wire - http-outgoing-1 >> "[\r][\n]"
10:44:07.062 [Test worker] DEBUG org.apache.http.wire - http-outgoing-1 << "HTTP/1.1 301 Moved Permanently[\r][\n]"
10:44:07.062 [Test worker] DEBUG org.apache.http.wire - http-outgoing-1 << "Content-length: 0[\r][\n]"
10:44:07.062 [Test worker] DEBUG org.apache.http.wire - http-outgoing-1 << "Location: https://s.thebrighttag.com/iframe?c=sp0XdVN[\r][\n]"
10:44:07.063 [Test worker] DEBUG org.apache.http.wire - http-outgoing-1 << "Connection: close[\r][\n]"
10:44:07.063 [Test worker] DEBUG org.apache.http.wire - http-outgoing-1 << "[\r][\n]"
10:44:07.063 [Test worker] DEBUG org.apache.http.headers - http-outgoing-1 << HTTP/1.1 301 Moved Permanently
10:44:07.063 [Test worker] DEBUG org.apache.http.headers - http-outgoing-1 << Content-length: 0
10:44:07.063 [Test worker] DEBUG org.apache.http.headers - http-outgoing-1 << Location: https://s.thebrighttag.com/iframe?c=sp0XdVN
10:44:07.063 [Test worker] DEBUG org.apache.http.headers - http-outgoing-1 << Connection: close
10:44:07.064 [Test worker] DEBUG org.apache.http.impl.conn.DefaultManagedHttpClientConnection - http-outgoing-1: Close connection
10:44:07.066 [Test worker] DEBUG org.apache.http.impl.execchain.MainClientExec - Connection discarded
10:44:07.066 [Test worker] DEBUG org.apache.http.impl.conn.PoolingHttpClientConnectionManager - Connection released: [id: 1][route: {}->http://s.thebrighttag.com:80][total available: 1; route allocated: 0 of 6; total allocated: 1 of 20]
10:44:07.067 [Test worker] DEBUG com.gargoylesoftware.htmlunit.WebClient - Got a redirect status code [301] new location = [https://s.thebrighttag.com/iframe?c=sp0XdVN]
10:44:07.068 [Test worker] DEBUG com.gargoylesoftware.htmlunit.WebClient - Load response for GET https://s.thebrighttag.com/iframe?c=sp0XdVN
10:44:07.071 [Test worker] DEBUG org.apache.http.client.protocol.RequestAddCookies - CookieSpec selected: mine
10:44:07.072 [Test worker] DEBUG org.apache.http.client.protocol.RequestAuthCache - Auth cache not set in the context
10:44:07.072 [Test worker] DEBUG org.apache.http.impl.conn.PoolingHttpClientConnectionManager - Connection request: [route: {s}->https://s.thebrighttag.com:443][total available: 1; route allocated: 0 of 6; total allocated: 1 of 20]
10:44:07.072 [Test worker] DEBUG org.apache.http.impl.conn.PoolingHttpClientConnectionManager - Connection leased: [id: 2][route: {s}->https://s.thebrighttag.com:443][total available: 1; route allocated: 1 of 6; total allocated: 2 of 20]
10:44:07.073 [Test worker] DEBUG org.apache.http.impl.execchain.MainClientExec - Opening connection {s}->https://s.thebrighttag.com:443
10:44:07.073 [Test worker] DEBUG org.apache.http.impl.conn.DefaultHttpClientConnectionOperator - Connecting to s.thebrighttag.com/54.228.243.159:443
10:44:07.074 [Test worker] DEBUG com.gargoylesoftware.htmlunit.httpclient.HtmlUnitSSLConnectionSocketFactory - Connecting socket to s.thebrighttag.com/54.228.243.159:443 with timeout 90000
10:44:07.173 [Test worker] DEBUG com.gargoylesoftware.htmlunit.httpclient.HtmlUnitSSLConnectionSocketFactory - Enabled protocols: [TLSv1.3, TLSv1.2, TLSv1.1, TLSv1]
10:44:07.173 [Test worker] DEBUG com.gargoylesoftware.htmlunit.httpclient.HtmlUnitSSLConnectionSocketFactory - Enabled cipher suites:[TLS_AES_256_GCM_SHA384, TLS_AES_128_GCM_SHA256, TLS_CHACHA20_POLY1305_SHA256, TLS_ECDHE_ECDSA_WITH_AES_256_GCM_SHA384, TLS_ECDHE_ECDSA_WITH_AES_128_GCM_SHA256, TLS_ECDHE_ECDSA_WITH_CHACHA20_POLY1305_SHA256, TLS_ECDHE_RSA_WITH_AES_256_GCM_SHA384, TLS_ECDHE_RSA_WITH_CHACHA20_POLY1305_SHA256, TLS_ECDHE_RSA_WITH_AES_128_GCM_SHA256, TLS_DHE_RSA_WITH_AES_256_GCM_SHA384, TLS_DHE_RSA_WITH_CHACHA20_POLY1305_SHA256, TLS_DHE_DSS_WITH_AES_256_GCM_SHA384, TLS_DHE_RSA_WITH_AES_128_GCM_SHA256, TLS_DHE_DSS_WITH_AES_128_GCM_SHA256, TLS_ECDHE_ECDSA_WITH_AES_256_CBC_SHA384, TLS_ECDHE_RSA_WITH_AES_256_CBC_SHA384, TLS_ECDHE_ECDSA_WITH_AES_128_CBC_SHA256, TLS_ECDHE_RSA_WITH_AES_128_CBC_SHA256, TLS_DHE_RSA_WITH_AES_256_CBC_SHA256, TLS_DHE_DSS_WITH_AES_256_CBC_SHA256, TLS_DHE_RSA_WITH_AES_128_CBC_SHA256, TLS_DHE_DSS_WITH_AES_128_CBC_SHA256, TLS_ECDH_ECDSA_WITH_AES_256_GCM_SHA384, TLS_ECDH_RSA_WITH_AES_256_GCM_SHA384, TLS_ECDH_ECDSA_WITH_AES_128_GCM_SHA256, TLS_ECDH_RSA_WITH_AES_128_GCM_SHA256, TLS_ECDH_ECDSA_WITH_AES_256_CBC_SHA384, TLS_ECDH_RSA_WITH_AES_256_CBC_SHA384, TLS_ECDH_ECDSA_WITH_AES_128_CBC_SHA256, TLS_ECDH_RSA_WITH_AES_128_CBC_SHA256, TLS_ECDHE_ECDSA_WITH_AES_256_CBC_SHA, TLS_ECDHE_RSA_WITH_AES_256_CBC_SHA, TLS_ECDHE_ECDSA_WITH_AES_128_CBC_SHA, TLS_ECDHE_RSA_WITH_AES_128_CBC_SHA, TLS_DHE_RSA_WITH_AES_256_CBC_SHA, TLS_DHE_DSS_WITH_AES_256_CBC_SHA, TLS_DHE_RSA_WITH_AES_128_CBC_SHA, TLS_DHE_DSS_WITH_AES_128_CBC_SHA, TLS_ECDH_ECDSA_WITH_AES_256_CBC_SHA, TLS_ECDH_RSA_WITH_AES_256_CBC_SHA, TLS_ECDH_ECDSA_WITH_AES_128_CBC_SHA, TLS_ECDH_RSA_WITH_AES_128_CBC_SHA, TLS_RSA_WITH_AES_256_GCM_SHA384, TLS_RSA_WITH_AES_128_GCM_SHA256, TLS_RSA_WITH_AES_256_CBC_SHA256, TLS_RSA_WITH_AES_128_CBC_SHA256, TLS_RSA_WITH_AES_256_CBC_SHA, TLS_RSA_WITH_AES_128_CBC_SHA, TLS_EMPTY_RENEGOTIATION_INFO_SCSV]
10:44:07.173 [Test worker] DEBUG com.gargoylesoftware.htmlunit.httpclient.HtmlUnitSSLConnectionSocketFactory - Starting handshake
10:44:07.448 [Test worker] DEBUG com.gargoylesoftware.htmlunit.httpclient.HtmlUnitSSLConnectionSocketFactory - Secure session established
10:44:07.449 [Test worker] DEBUG com.gargoylesoftware.htmlunit.httpclient.HtmlUnitSSLConnectionSocketFactory -  negotiated protocol: TLSv1.2
10:44:07.450 [Test worker] DEBUG com.gargoylesoftware.htmlunit.httpclient.HtmlUnitSSLConnectionSocketFactory -  negotiated cipher suite: TLS_ECDHE_RSA_WITH_CHACHA20_POLY1305_SHA256
10:44:07.451 [Test worker] DEBUG com.gargoylesoftware.htmlunit.httpclient.HtmlUnitSSLConnectionSocketFactory -  peer principal: CN=*.thebrighttag.com, O="Signal Digital, Inc.", L=Chicago, ST=Illinois, C=US
10:44:07.451 [Test worker] DEBUG com.gargoylesoftware.htmlunit.httpclient.HtmlUnitSSLConnectionSocketFactory -  peer alternative names: [*.thebrighttag.com, thebrighttag.com]
10:44:07.451 [Test worker] DEBUG com.gargoylesoftware.htmlunit.httpclient.HtmlUnitSSLConnectionSocketFactory -  issuer principal: CN=DigiCert SHA2 Secure Server CA, O=DigiCert Inc, C=US
10:44:07.453 [Test worker] DEBUG org.apache.http.impl.conn.DefaultHttpClientConnectionOperator - Connection established 192.168.1.69:59151<->54.228.243.159:443
10:44:07.453 [Test worker] DEBUG org.apache.http.impl.conn.DefaultManagedHttpClientConnection - http-outgoing-2: set socket timeout to 90000
10:44:07.453 [Test worker] DEBUG org.apache.http.impl.execchain.MainClientExec - Executing request GET /iframe?c=sp0XdVN HTTP/1.1
10:44:07.454 [Test worker] DEBUG org.apache.http.impl.execchain.MainClientExec - Target auth state: UNCHALLENGED
10:44:07.454 [Test worker] DEBUG org.apache.http.impl.execchain.MainClientExec - Proxy auth state: UNCHALLENGED
10:44:07.454 [Test worker] DEBUG org.apache.http.headers - http-outgoing-2 >> GET /iframe?c=sp0XdVN HTTP/1.1
10:44:07.455 [Test worker] DEBUG org.apache.http.headers - http-outgoing-2 >> Host: s.thebrighttag.com
10:44:07.455 [Test worker] DEBUG org.apache.http.headers - http-outgoing-2 >> Connection: Keep-Alive
10:44:07.455 [Test worker] DEBUG org.apache.http.headers - http-outgoing-2 >> Accept: */*
10:44:07.455 [Test worker] DEBUG org.apache.http.headers - http-outgoing-2 >> User-Agent: Mozilla/5.0 (Windows NT 6.1) AppleWebKit/537.36 (KHTML, like Gecko) Chrome/46.0.2490.80 Safari/537.36
10:44:07.455 [Test worker] DEBUG org.apache.http.headers - http-outgoing-2 >> Referer: https://jsainsburyplc.github.io/serverside-test/site/www.sainsburys.co.uk/webapp/wcs/stores/servlet/gb/groceries/berries-cherries-currants6039.html
10:44:07.455 [Test worker] DEBUG org.apache.http.headers - http-outgoing-2 >> Accept-Encoding: gzip, deflate
10:44:07.455 [Test worker] DEBUG org.apache.http.headers - http-outgoing-2 >> Accept-Language: en-US
10:44:07.456 [Test worker] DEBUG org.apache.http.wire - http-outgoing-2 >> "GET /iframe?c=sp0XdVN HTTP/1.1[\r][\n]"
10:44:07.456 [Test worker] DEBUG org.apache.http.wire - http-outgoing-2 >> "Host: s.thebrighttag.com[\r][\n]"
10:44:07.456 [Test worker] DEBUG org.apache.http.wire - http-outgoing-2 >> "Connection: Keep-Alive[\r][\n]"
10:44:07.456 [Test worker] DEBUG org.apache.http.wire - http-outgoing-2 >> "Accept: */*[\r][\n]"
10:44:07.456 [Test worker] DEBUG org.apache.http.wire - http-outgoing-2 >> "User-Agent: Mozilla/5.0 (Windows NT 6.1) AppleWebKit/537.36 (KHTML, like Gecko) Chrome/46.0.2490.80 Safari/537.36[\r][\n]"
10:44:07.456 [Test worker] DEBUG org.apache.http.wire - http-outgoing-2 >> "Referer: https://jsainsburyplc.github.io/serverside-test/site/www.sainsburys.co.uk/webapp/wcs/stores/servlet/gb/groceries/berries-cherries-currants6039.html[\r][\n]"
10:44:07.456 [Test worker] DEBUG org.apache.http.wire - http-outgoing-2 >> "Accept-Encoding: gzip, deflate[\r][\n]"
10:44:07.456 [Test worker] DEBUG org.apache.http.wire - http-outgoing-2 >> "Accept-Language: en-US[\r][\n]"
10:44:07.456 [Test worker] DEBUG org.apache.http.wire - http-outgoing-2 >> "[\r][\n]"
10:44:07.723 [Test worker] DEBUG org.apache.http.wire - http-outgoing-2 << "HTTP/1.1 200 OK[\r][\n]"
10:44:07.723 [Test worker] DEBUG org.apache.http.wire - http-outgoing-2 << "Server: nginx[\r][\n]"
10:44:07.724 [Test worker] DEBUG org.apache.http.wire - http-outgoing-2 << "Date: Tue, 10 Mar 2020 10:44:08 GMT[\r][\n]"
10:44:07.724 [Test worker] DEBUG org.apache.http.wire - http-outgoing-2 << "Content-Type: text/html;charset=ISO-8859-1[\r][\n]"
10:44:07.724 [Test worker] DEBUG org.apache.http.wire - http-outgoing-2 << "Transfer-Encoding: chunked[\r][\n]"
10:44:07.724 [Test worker] DEBUG org.apache.http.wire - http-outgoing-2 << "Connection: keep-alive[\r][\n]"
10:44:07.724 [Test worker] DEBUG org.apache.http.wire - http-outgoing-2 << "X-BT-RequestId: 12551140-62bc-11ea-b415-0000ac150920[\r][\n]"
10:44:07.724 [Test worker] DEBUG org.apache.http.wire - http-outgoing-2 << "Cache-Control: private, must-revalidate[\r][\n]"
10:44:07.724 [Test worker] DEBUG org.apache.http.wire - http-outgoing-2 << "Pragma: no-cache[\r][\n]"
10:44:07.724 [Test worker] DEBUG org.apache.http.wire - http-outgoing-2 << "Expires: Thu, 01 Jan 1970 00:00:00 GMT[\r][\n]"
10:44:07.724 [Test worker] DEBUG org.apache.http.wire - http-outgoing-2 << "P3P: CP=NOI DSP COR NID[\r][\n]"
10:44:07.724 [Test worker] DEBUG org.apache.http.wire - http-outgoing-2 << "Content-Encoding: gzip[\r][\n]"
10:44:07.724 [Test worker] DEBUG org.apache.http.wire - http-outgoing-2 << "[\r][\n]"
10:44:07.724 [Test worker] DEBUG org.apache.http.wire - http-outgoing-2 << "53[\r][\n]"
10:44:07.725 [Test worker] DEBUG org.apache.http.wire - http-outgoing-2 << "[0x1f][0x8b][0x8][0x0][0x0][0x0][0x0][0x0][0x0][0x3][0xb3][0xc9]([0xc9][0xcd][0xb1][0xb3][0xc9]HML[0xb1][0xb3])[0xc9],[0xc9]I[0xb5]s*[0xca]L[0xcf]([0x9]ILW[0xc8][0xcb]/N.[0xca],(Q(H[0xac][0xcc][0xc9]OL[0xb1][0xd1][0x87][0xa8][0xb0][0xd1][0x87][0xa8]O[0xca]O[0xa9][0xb4][0xb3][0xd1][0x87]R`[0x93][0x0]r[0xec][0x12](P[0x0][0x0][0x0][\r][\n]"
10:44:07.725 [Test worker] DEBUG org.apache.http.wire - http-outgoing-2 << "0[\r][\n]"
10:44:07.725 [Test worker] DEBUG org.apache.http.wire - http-outgoing-2 << "[\r][\n]"
10:44:07.725 [Test worker] DEBUG org.apache.http.headers - http-outgoing-2 << HTTP/1.1 200 OK
10:44:07.725 [Test worker] DEBUG org.apache.http.headers - http-outgoing-2 << Server: nginx
10:44:07.725 [Test worker] DEBUG org.apache.http.headers - http-outgoing-2 << Date: Tue, 10 Mar 2020 10:44:08 GMT
10:44:07.725 [Test worker] DEBUG org.apache.http.headers - http-outgoing-2 << Content-Type: text/html;charset=ISO-8859-1
10:44:07.725 [Test worker] DEBUG org.apache.http.headers - http-outgoing-2 << Transfer-Encoding: chunked
10:44:07.725 [Test worker] DEBUG org.apache.http.headers - http-outgoing-2 << Connection: keep-alive
10:44:07.726 [Test worker] DEBUG org.apache.http.headers - http-outgoing-2 << X-BT-RequestId: 12551140-62bc-11ea-b415-0000ac150920
10:44:07.726 [Test worker] DEBUG org.apache.http.headers - http-outgoing-2 << Cache-Control: private, must-revalidate
10:44:07.726 [Test worker] DEBUG org.apache.http.headers - http-outgoing-2 << Pragma: no-cache
10:44:07.726 [Test worker] DEBUG org.apache.http.headers - http-outgoing-2 << Expires: Thu, 01 Jan 1970 00:00:00 GMT
10:44:07.726 [Test worker] DEBUG org.apache.http.headers - http-outgoing-2 << P3P: CP=NOI DSP COR NID
10:44:07.726 [Test worker] DEBUG org.apache.http.headers - http-outgoing-2 << Content-Encoding: gzip
10:44:07.730 [Test worker] DEBUG org.apache.http.impl.execchain.MainClientExec - Connection can be kept alive indefinitely
10:44:07.732 [Test worker] DEBUG org.apache.http.impl.conn.PoolingHttpClientConnectionManager - Connection [id: 2][route: {s}->https://s.thebrighttag.com:443] can be kept alive indefinitely
10:44:07.732 [Test worker] DEBUG org.apache.http.impl.conn.DefaultManagedHttpClientConnection - http-outgoing-2: set socket timeout to 0
10:44:07.732 [Test worker] DEBUG org.apache.http.impl.conn.PoolingHttpClientConnectionManager - Connection released: [id: 2][route: {s}->https://s.thebrighttag.com:443][total available: 2; route allocated: 1 of 6; total allocated: 2 of 20]
10:44:07.734 [Test worker] DEBUG com.gargoylesoftware.htmlunit.WebWindowImpl - setEnclosedPage: HtmlPage(https://s.thebrighttag.com/iframe?c=sp0XdVN)@1966967950
10:44:07.735 [Test worker] DEBUG com.gargoylesoftware.htmlunit.WebWindowImpl - destroyChildren
10:44:07.781 [Test worker] DEBUG com.gargoylesoftware.htmlunit.util.EncodingSniffer - Encoding found in HTTP headers: 'ISO-8859-1'.
]]></system-out>
  <system-err><![CDATA[Mar 10, 2020 10:44:03 AM com.sainsbury.scraper.service.SainsburysScrapeServiceImpl buildProductsFromProductPage
SEVERE: Cannot build products from product page: Mock for HtmlPage, hashCode: 16586760 xPath: null
Mar 10, 2020 10:44:03 AM com.sainsbury.scraper.service.SainsburysScrapeServiceImpl buildProductsFromProductPage
SEVERE: Cannot build products from product page: null xPath: xpath
Mar 10, 2020 10:44:07 AM com.sainsbury.scraper.service.SainsburysScrapeServiceImpl buildProductsFromProductPage
SEVERE: Cannot build products from product page: Mock for HtmlPage, hashCode: 1516267210 xPath: 
]]></system-err>
</testsuite>
